2025-10-31T09:24:21.605578Z  INFO tailwindcss_oxide::scanner: Provided sources:
2025-10-31T09:24:21.607987Z  INFO tailwindcss_oxide::scanner: Source: PublicSourceEntry { base: "/var/www", pattern: "**/*", negated: false }
2025-10-31T09:24:21.609949Z  INFO tailwindcss_oxide::scanner: Source: PublicSourceEntry { base: "/var/www/resources/css", pattern: "../views", negated: false }
2025-10-31T09:24:21.611091Z  INFO tailwindcss_oxide::scanner: Source: PublicSourceEntry { base: "/var/www/resources/css", pattern: "../../vendor/laravel/framework/src/Illuminate/Pagination/resources/views/*.blade.php", negated: false }
2025-10-31T09:24:21.774438Z  INFO tailwindcss_oxide::scanner: Optimized sources:
2025-10-31T09:24:21.775231Z  INFO tailwindcss_oxide::scanner: Source: Auto { base: "/var/www" }
2025-10-31T09:24:21.776345Z  INFO tailwindcss_oxide::scanner: Source: Auto { base: "/var/www/resources/views" }
2025-10-31T09:24:21.777916Z  INFO tailwindcss_oxide::scanner: Source: Pattern { base: "/var/www/vendor/laravel/framework/src/Illuminate/Pagination/resources/views", pattern: "*.blade.php" }
2025-10-31T09:24:21.782702Z  INFO scan_sources: tailwindcss_oxide::scanner: enter
2025-10-31T09:24:21.834256Z  INFO scan_sources: tailwindcss_oxide::scanner: Discovering "/var/www/.cache"
2025-10-31T09:24:21.853108Z  INFO scan_sources: tailwindcss_oxide::scanner: Discovering "/var/www/.cache/composer"
2025-10-31T09:24:21.873628Z  INFO scan_sources: tailwindcss_oxide::scanner: Discovering "/var/www/.cache/composer/.htaccess"
2025-10-31T09:24:21.895769Z  INFO scan_sources: tailwindcss_oxide::scanner: Discovering "/var/www/.config"
2025-10-31T09:24:21.915660Z  INFO scan_sources: tailwindcss_oxide::scanner: Discovering "/var/www/.config/composer"
2025-10-31T09:24:21.938401Z  INFO scan_sources: tailwindcss_oxide::scanner: Discovering "/var/www/.config/composer/.htaccess"
2025-10-31T09:24:21.961239Z  INFO scan_sources: tailwindcss_oxide::scanner: Discovering "/var/www/.dockerignore"
2025-10-31T09:24:21.979085Z  INFO scan_sources: tailwindcss_oxide::scanner: Discovering "/var/www/.editorconfig"
2025-10-31T09:24:21.993603Z  INFO scan_sources: tailwindcss_oxide::scanner: Discovering "/var/www/.env.example"
2025-10-31T09:24:22.007939Z  INFO scan_sources: tailwindcss_oxide::scanner: Discovering "/var/www/.gitattributes"
2025-10-31T09:24:22.018954Z  INFO scan_sources: tailwindcss_oxide::scanner: Discovering "/var/www/.github"
2025-10-31T09:24:22.037326Z  INFO scan_sources: tailwindcss_oxide::scanner: Discovering "/var/www/.github/workflows"
2025-10-31T09:24:22.060467Z  INFO scan_sources: tailwindcss_oxide::scanner: Discovering "/var/www/.github/workflows/lint.yml"
2025-10-31T09:24:22.074805Z  INFO scan_sources: tailwindcss_oxide::scanner: Discovering "/var/www/.github/workflows/tests.yml"
2025-10-31T09:24:22.095359Z  INFO scan_sources: tailwindcss_oxide::scanner: Discovering "/var/www/.local"
2025-10-31T09:24:22.115527Z  INFO scan_sources: tailwindcss_oxide::scanner: Discovering "/var/www/.local/share"
2025-10-31T09:24:22.130729Z  INFO scan_sources: tailwindcss_oxide::scanner: Discovering "/var/www/.local/share/composer"
2025-10-31T09:24:22.150510Z  INFO scan_sources: tailwindcss_oxide::scanner: Discovering "/var/www/.local/share/composer/.htaccess"
2025-10-31T09:24:22.176618Z  INFO scan_sources: tailwindcss_oxide::scanner: Discovering "/var/www/.npm"
2025-10-31T09:24:22.193011Z  INFO scan_sources: tailwindcss_oxide::scanner: Discovering "/var/www/.npm/_cacache"
2025-10-31T09:24:22.213978Z  INFO scan_sources: tailwindcss_oxide::scanner: Discovering "/var/www/.npm/_cacache/content-v2"
2025-10-31T09:24:22.233056Z  INFO scan_sources: tailwindcss_oxide::scanner: Discovering "/var/www/.npm/_cacache/content-v2/sha512"
2025-10-31T09:24:22.249009Z  INFO scan_sources: tailwindcss_oxide::scanner: Discovering "/var/www/.npm/_cacache/content-v2/sha512/01"
2025-10-31T09:24:22.270297Z  INFO scan_sources: tailwindcss_oxide::scanner: Discovering "/var/www/.npm/_cacache/content-v2/sha512/01/21"
2025-10-31T09:24:22.290371Z  INFO scan_sources: tailwindcss_oxide::scanner: Discovering "/var/www/.npm/_cacache/content-v2/sha512/01/21/508606381255e1de70dc38c4e441eae8e1bd6582e6ec90d96121f26bb07e4e2995c3a5400a065352d0ac7cd63c0e069f8709e66a9a826e8a14efe7bfe3bd"
2025-10-31T09:24:22.305941Z  INFO scan_sources: tailwindcss_oxide::scanner: Discovering "/var/www/.npm/_cacache/content-v2/sha512/01/e7"
2025-10-31T09:24:22.330443Z  INFO scan_sources: tailwindcss_oxide::scanner: Discovering "/var/www/.npm/_cacache/content-v2/sha512/01/e7/1b32fcdd7d74a6a759c5617595ddcacd8c170d84c54815bccf444f0b127d5ddd1df3102bf2eec6b65c5c486a31d9f3c47718dd64c893a7b954014cd3af44"
2025-10-31T09:24:22.352401Z  INFO scan_sources: tailwindcss_oxide::scanner: Discovering "/var/www/.npm/_cacache/content-v2/sha512/0a"
2025-10-31T09:24:22.370873Z  INFO scan_sources: tailwindcss_oxide::scanner: Discovering "/var/www/.npm/_cacache/content-v2/sha512/0a/b6"
2025-10-31T09:24:22.394822Z  INFO scan_sources: tailwindcss_oxide::scanner: Discovering "/var/www/.npm/_cacache/content-v2/sha512/0a/b6/0ca9fc16e6f2ff65af3bfa01c8b6c21ec0e7c63b018273a548c11463db4b1ec15bea3a90c9b0ad704d33db5ee2ed89b676badca6f7c024429ae0d5058ea3"
2025-10-31T09:24:22.414683Z  INFO scan_sources: tailwindcss_oxide::scanner: Discovering "/var/www/.npm/_cacache/content-v2/sha512/0e"
2025-10-31T09:24:22.434362Z  INFO scan_sources: tailwindcss_oxide::scanner: Discovering "/var/www/.npm/_cacache/content-v2/sha512/0e/ad"
2025-10-31T09:24:22.451396Z  INFO scan_sources: tailwindcss_oxide::scanner: Discovering "/var/www/.npm/_cacache/content-v2/sha512/0e/ad/5ba8174b699d466ff9767b9ffea37075f3ef1323d00d940d5291e8d9a8381d53f8cafd385868c3cc26954c317cb6b911ef18a6e4cfdbe179519dab77097c"
2025-10-31T09:24:22.468254Z  INFO scan_sources: tailwindcss_oxide::scanner: Discovering "/var/www/.npm/_cacache/content-v2/sha512/13"
2025-10-31T09:24:22.489178Z  INFO scan_sources: tailwindcss_oxide::scanner: Discovering "/var/www/.npm/_cacache/content-v2/sha512/13/2a"
2025-10-31T09:24:22.505577Z  INFO scan_sources: tailwindcss_oxide::scanner: Discovering "/var/www/.npm/_cacache/content-v2/sha512/13/2a/d34fe116be254702ec3f79118760129094b17e709f931d3e15a82ec935a4cb51d68e34c9af8e52c31697d44bbbe40fcc9c8a079b8a55d01c0248401f15e3"
2025-10-31T09:24:22.521659Z  INFO scan_sources: tailwindcss_oxide::scanner: Discovering "/var/www/.npm/_cacache/content-v2/sha512/26"
2025-10-31T09:24:22.540797Z  INFO scan_sources: tailwindcss_oxide::scanner: Discovering "/var/www/.npm/_cacache/content-v2/sha512/26/3e"
2025-10-31T09:24:22.560595Z  INFO scan_sources: tailwindcss_oxide::scanner: Discovering "/var/www/.npm/_cacache/content-v2/sha512/26/3e/5af515287b9adaf8c13211190328bc135d5bbab3768008fe759e47e72bdc094eb6820bc20c7b7b2739f00b92b8d361dd86d55884d612028f47d9ec02c13c"
2025-10-31T09:24:22.580645Z  INFO scan_sources: tailwindcss_oxide::scanner: Discovering "/var/www/.npm/_cacache/content-v2/sha512/37"
2025-10-31T09:24:22.600384Z  INFO scan_sources: tailwindcss_oxide::scanner: Discovering "/var/www/.npm/_cacache/content-v2/sha512/37/f2"
2025-10-31T09:24:22.616036Z  INFO scan_sources: tailwindcss_oxide::scanner: Discovering "/var/www/.npm/_cacache/content-v2/sha512/37/f2/89ab536607edf007e49336feb76d6ed3ab7800792cb087f7acb2fb6c5de2dcb8019bf0152220bb7f43a0f2a742d4250cce275c49e19dfff63f5901082bfa"
2025-10-31T09:24:22.641107Z  INFO scan_sources: tailwindcss_oxide::scanner: Discovering "/var/www/.npm/_cacache/content-v2/sha512/42"
2025-10-31T09:24:22.659522Z  INFO scan_sources: tailwindcss_oxide::scanner: Discovering "/var/www/.npm/_cacache/content-v2/sha512/42/44"
2025-10-31T09:24:22.676557Z  INFO scan_sources: tailwindcss_oxide::scanner: Discovering "/var/www/.npm/_cacache/content-v2/sha512/42/44/89a7d744e96efb539335972e2241eea08f475fd6f40279e6e114aacf2785bb71afa7711e1f2ce7576bdb5240a6d57efd48cd3521103ef1c1e78e9b296bb6"
2025-10-31T09:24:22.696774Z  INFO scan_sources: tailwindcss_oxide::scanner: Discovering "/var/www/.npm/_cacache/content-v2/sha512/42/e1"
2025-10-31T09:24:22.712350Z  INFO scan_sources: tailwindcss_oxide::scanner: Discovering "/var/www/.npm/_cacache/content-v2/sha512/42/e1/16a52a9842c4c94ad02d846486c8d8e5dbf548af0fb1b24de9eb6cbcfdc13aaa6f8123c0fcf141ecd5bde0d334508292da9f42889431c9597dbf2935fd91"
2025-10-31T09:24:22.733827Z  INFO scan_sources: tailwindcss_oxide::scanner: Discovering "/var/www/.npm/_cacache/content-v2/sha512/4e"
2025-10-31T09:24:22.748444Z  INFO scan_sources: tailwindcss_oxide::scanner: Discovering "/var/www/.npm/_cacache/content-v2/sha512/4e/3c"
2025-10-31T09:24:22.760046Z  INFO scan_sources: tailwindcss_oxide::scanner: Discovering "/var/www/.npm/_cacache/content-v2/sha512/4e/3c/7472940817bc367aa9e86075e42708f4757fe4408c32edf11296124b38e9056b131b4b3da3230253c6e7a8b141d28b6c68d1ba244ca82c5848af20321d6c"
2025-10-31T09:24:22.778623Z  INFO scan_sources: tailwindcss_oxide::scanner: Discovering "/var/www/.npm/_cacache/content-v2/sha512/60"
2025-10-31T09:24:22.795136Z  INFO scan_sources: tailwindcss_oxide::scanner: Discovering "/var/www/.npm/_cacache/content-v2/sha512/60/6e"
2025-10-31T09:24:22.808758Z  INFO scan_sources: tailwindcss_oxide::scanner: Discovering "/var/www/.npm/_cacache/content-v2/sha512/60/6e/ab8abee54fe3a775b68ff5a74b42ceb13373cea2ee547ab370b4c8425b066a7a32f86a02bfd8f6bed33119d86f33692bad86ad829999e8647730d0a68d7d"
2025-10-31T09:24:22.830590Z  INFO scan_sources: tailwindcss_oxide::scanner: Discovering "/var/www/.npm/_cacache/content-v2/sha512/61"
2025-10-31T09:24:22.848177Z  INFO scan_sources: tailwindcss_oxide::scanner: Discovering "/var/www/.npm/_cacache/content-v2/sha512/61/6e"
2025-10-31T09:24:22.862174Z  INFO scan_sources: tailwindcss_oxide::scanner: Discovering "/var/www/.npm/_cacache/content-v2/sha512/61/6e/ac6e523bc6e9120f64dd6db69e4150f2b089bf50f26d39b1c91cac4311c5b67b102d638ee3e767fc8d95e4a84d64add9e4842306a8fddd6e78aed537b616"
2025-10-31T09:24:22.881067Z  INFO scan_sources: tailwindcss_oxide::scanner: Discovering "/var/www/.npm/_cacache/content-v2/sha512/6a"
2025-10-31T09:24:22.897270Z  INFO scan_sources: tailwindcss_oxide::scanner: Discovering "/var/www/.npm/_cacache/content-v2/sha512/6a/84"
2025-10-31T09:24:22.912829Z  INFO scan_sources: tailwindcss_oxide::scanner: Discovering "/var/www/.npm/_cacache/content-v2/sha512/6a/84/2b942b02a46e100cf579814a3dc9e79f87c41be4be2bd2edcbdff352a58f1d04ae356b903ae3f652c308951b0b0c7377a987deae5b5f0b8513bdf4cd1285"
2025-10-31T09:24:22.933581Z  INFO scan_sources: tailwindcss_oxide::scanner: Discovering "/var/www/.npm/_cacache/content-v2/sha512/6d"
2025-10-31T09:24:22.945446Z  INFO scan_sources: tailwindcss_oxide::scanner: Discovering "/var/www/.npm/_cacache/content-v2/sha512/6d/fc"
2025-10-31T09:24:22.960815Z  INFO scan_sources: tailwindcss_oxide::scanner: Discovering "/var/www/.npm/_cacache/content-v2/sha512/6d/fc/b6cd13a8d737083468ce506e5d56fc8ca6b74794b2a1dac5bc92c5ebc070ae181e57b501404fe89ac45986c38cfec3cf29862fa7863cbeb6aed62857992a"
2025-10-31T09:24:22.977103Z  INFO scan_sources: tailwindcss_oxide::scanner: Discovering "/var/www/.npm/_cacache/content-v2/sha512/7b"
2025-10-31T09:24:22.988931Z  INFO scan_sources: tailwindcss_oxide::scanner: Discovering "/var/www/.npm/_cacache/content-v2/sha512/7b/70"
2025-10-31T09:24:23.008158Z  INFO scan_sources: tailwindcss_oxide::scanner: Discovering "/var/www/.npm/_cacache/content-v2/sha512/7b/70/bf451846ba7598342dda485edec6c424757cd0fccf9a62e6472a7c3853b290c13268b675ac18e2158a1d2cdaa433984cce148277fb1b7b8aaebb2bfa79e9"
2025-10-31T09:24:23.033302Z  INFO scan_sources: tailwindcss_oxide::scanner: Discovering "/var/www/.npm/_cacache/content-v2/sha512/81"
2025-10-31T09:24:23.046158Z  INFO scan_sources: tailwindcss_oxide::scanner: Discovering "/var/www/.npm/_cacache/content-v2/sha512/81/f0"
2025-10-31T09:24:23.065115Z  INFO scan_sources: tailwindcss_oxide::scanner: Discovering "/var/www/.npm/_cacache/content-v2/sha512/81/f0/f1f70564bfa250a6e9dc7ded2297103e187d4cccb77b77331393e2402fb9485d3660a255847dc785b902b1901f4ac4073aec33061733cbacfe1f4ea721e3"
2025-10-31T09:24:23.086959Z  INFO scan_sources: tailwindcss_oxide::scanner: Discovering "/var/www/.npm/_cacache/content-v2/sha512/a6"
2025-10-31T09:24:23.100586Z  INFO scan_sources: tailwindcss_oxide::scanner: Discovering "/var/www/.npm/_cacache/content-v2/sha512/a6/25"
2025-10-31T09:24:23.118279Z  INFO scan_sources: tailwindcss_oxide::scanner: Discovering "/var/www/.npm/_cacache/content-v2/sha512/a6/25/b1df3e3037c27ccf7f8ee643bbe3ecabeb37bf74a98f9c8eef2ea7d2a88f1b71c693198e718921952090437792b904796f54ba540774b66027de9722756f"
2025-10-31T09:24:23.137402Z  INFO scan_sources: tailwindcss_oxide::scanner: Discovering "/var/www/.npm/_cacache/content-v2/sha512/a7"
2025-10-31T09:24:23.150025Z  INFO scan_sources: tailwindcss_oxide::scanner: Discovering "/var/www/.npm/_cacache/content-v2/sha512/a7/da"
2025-10-31T09:24:23.167419Z  INFO scan_sources: tailwindcss_oxide::scanner: Discovering "/var/www/.npm/_cacache/content-v2/sha512/a7/da/a72280eeb6ae560bb81e0534df3c0f33ac052ceace9fe88404f8f19734533c0d97bfb60e81973eb291dd0e8055c2cf0596d7f31e05e2ed7eec1b1d4c6744"
2025-10-31T09:24:23.184848Z  INFO scan_sources: tailwindcss_oxide::scanner: Discovering "/var/www/.npm/_cacache/content-v2/sha512/ad"
2025-10-31T09:24:23.197319Z  INFO scan_sources: tailwindcss_oxide::scanner: Discovering "/var/www/.npm/_cacache/content-v2/sha512/ad/1a"
2025-10-31T09:24:23.214845Z  INFO scan_sources: tailwindcss_oxide::scanner: Discovering "/var/www/.npm/_cacache/content-v2/sha512/ad/1a/2600aede2242feb4763460fc5b7390eb6b6817948eb71cbfafd4f762d5adec0beb494dc16b1d7f84f3ab2e960017788eeb4b30d884f49e1c78ea161a9f79"
2025-10-31T09:24:23.233826Z  INFO scan_sources: tailwindcss_oxide::scanner: Discovering "/var/www/.npm/_cacache/content-v2/sha512/b9"
2025-10-31T09:24:23.250234Z  INFO scan_sources: tailwindcss_oxide::scanner: Discovering "/var/www/.npm/_cacache/content-v2/sha512/b9/a0"
2025-10-31T09:24:23.268474Z  INFO scan_sources: tailwindcss_oxide::scanner: Discovering "/var/www/.npm/_cacache/content-v2/sha512/b9/a0/6707d5eb0ced344649ddaa16c8fe1bdb166272f9c3e58d74ed784ec8731a3a7b4f7bdd3ba514bf8cbe1c2c1a83467b5fabbb7d03641b35e43c0235b82ba9"
2025-10-31T09:24:23.282314Z  INFO scan_sources: tailwindcss_oxide::scanner: Discovering "/var/www/.npm/_cacache/content-v2/sha512/e1"
2025-10-31T09:24:23.300071Z  INFO scan_sources: tailwindcss_oxide::scanner: Discovering "/var/www/.npm/_cacache/content-v2/sha512/e1/8d"
2025-10-31T09:24:23.319714Z  INFO scan_sources: tailwindcss_oxide::scanner: Discovering "/var/www/.npm/_cacache/content-v2/sha512/e1/8d/2ee8f390b9b9eea51b321d1ef82ef2fcb8b0b80662d341dd8e08ad2db27d75c9491cf76cf0d8bad931babb624c71d267b0f0973b80d245720c7471f8bc75"
2025-10-31T09:24:23.338237Z  INFO scan_sources: tailwindcss_oxide::scanner: Discovering "/var/www/.npm/_cacache/content-v2/sha512/ee"
2025-10-31T09:24:23.359574Z  INFO scan_sources: tailwindcss_oxide::scanner: Discovering "/var/www/.npm/_cacache/content-v2/sha512/ee/45"
2025-10-31T09:24:23.377999Z  INFO scan_sources: tailwindcss_oxide::scanner: Discovering "/var/www/.npm/_cacache/content-v2/sha512/ee/45/faf4322b05e0fbc8da780396fcd62cecf01aa86640886b141a3a9ba6709d52fe49aa3458cf843bb52c77955efd127b17c742fe5ca87b312ce8c44eea83b8"
2025-10-31T09:24:23.403363Z  INFO scan_sources: tailwindcss_oxide::scanner: Discovering "/var/www/.npm/_cacache/index-v5"
2025-10-31T09:24:23.421242Z  INFO scan_sources: tailwindcss_oxide::scanner: Discovering "/var/www/.npm/_cacache/index-v5/29"
2025-10-31T09:24:23.433819Z  INFO scan_sources: tailwindcss_oxide::scanner: Discovering "/var/www/.npm/_cacache/index-v5/29/f3"
2025-10-31T09:24:23.453135Z  INFO scan_sources: tailwindcss_oxide::scanner: Discovering "/var/www/.npm/_cacache/index-v5/29/f3/96eea1572db910d8e30047183ab4f882ec5e7e7c52be6acc1db91865ce63"
2025-10-31T09:24:23.473342Z  INFO scan_sources: tailwindcss_oxide::scanner: Discovering "/var/www/.npm/_cacache/index-v5/45"
2025-10-31T09:24:23.485150Z  INFO scan_sources: tailwindcss_oxide::scanner: Discovering "/var/www/.npm/_cacache/index-v5/45/e2"
2025-10-31T09:24:23.501466Z  INFO scan_sources: tailwindcss_oxide::scanner: Discovering "/var/www/.npm/_cacache/index-v5/45/e2/4f6765f8bcea6561976ce94bdd2b088785fbcb1c12000ad3d48709812d13"
2025-10-31T09:24:23.519046Z  INFO scan_sources: tailwindcss_oxide::scanner: Discovering "/var/www/.npm/_cacache/index-v5/4f"
2025-10-31T09:24:23.531897Z  INFO scan_sources: tailwindcss_oxide::scanner: Discovering "/var/www/.npm/_cacache/index-v5/4f/e3"
2025-10-31T09:24:23.548250Z  INFO scan_sources: tailwindcss_oxide::scanner: Discovering "/var/www/.npm/_cacache/index-v5/4f/e3/76d00fe8fa3d4bf7160eaac30bb8b4b6b8b769845eac26232cdb0a05dcd7"
2025-10-31T09:24:23.566999Z  INFO scan_sources: tailwindcss_oxide::scanner: Discovering "/var/www/.npm/_cacache/index-v5/54"
2025-10-31T09:24:23.579981Z  INFO scan_sources: tailwindcss_oxide::scanner: Discovering "/var/www/.npm/_cacache/index-v5/54/ad"
2025-10-31T09:24:23.598270Z  INFO scan_sources: tailwindcss_oxide::scanner: Discovering "/var/www/.npm/_cacache/index-v5/54/ad/2a9923fe219972066d2d7b8d66c171cce48580bc9393935ca538970568bf"
2025-10-31T09:24:23.625184Z  INFO scan_sources: tailwindcss_oxide::scanner: Discovering "/var/www/.npm/_cacache/index-v5/6b"
2025-10-31T09:24:23.646651Z  INFO scan_sources: tailwindcss_oxide::scanner: Discovering "/var/www/.npm/_cacache/index-v5/6b/29"
2025-10-31T09:24:23.665371Z  INFO scan_sources: tailwindcss_oxide::scanner: Discovering "/var/www/.npm/_cacache/index-v5/6b/29/0e2ce818eb41b47a7a1700f8ada39163aff7e0fc8ca01defe86ee68e5f27"
2025-10-31T09:24:23.686546Z  INFO scan_sources: tailwindcss_oxide::scanner: Discovering "/var/www/.npm/_cacache/index-v5/72"
2025-10-31T09:24:23.707010Z  INFO scan_sources: tailwindcss_oxide::scanner: Discovering "/var/www/.npm/_cacache/index-v5/72/03"
2025-10-31T09:24:23.732381Z  INFO scan_sources: tailwindcss_oxide::scanner: Discovering "/var/www/.npm/_cacache/index-v5/72/03/0b00b97c77922cd1b4d1238fa5e205524f61da816a3682adec75c26e0992"
2025-10-31T09:24:23.758257Z  INFO scan_sources: tailwindcss_oxide::scanner: Discovering "/var/www/.npm/_cacache/index-v5/74"
2025-10-31T09:24:23.783292Z  INFO scan_sources: tailwindcss_oxide::scanner: Discovering "/var/www/.npm/_cacache/index-v5/74/7d"
2025-10-31T09:24:23.806604Z  INFO scan_sources: tailwindcss_oxide::scanner: Discovering "/var/www/.npm/_cacache/index-v5/74/7d/f890b65860bb387fef55f328e9f750e94dd0c05ee5514c0502632472e89d"
2025-10-31T09:24:23.831391Z  INFO scan_sources: tailwindcss_oxide::scanner: Discovering "/var/www/.npm/_cacache/index-v5/7c"
2025-10-31T09:24:23.846779Z  INFO scan_sources: tailwindcss_oxide::scanner: Discovering "/var/www/.npm/_cacache/index-v5/7c/22"
2025-10-31T09:24:23.862119Z  INFO scan_sources: tailwindcss_oxide::scanner: Discovering "/var/www/.npm/_cacache/index-v5/7c/22/e50fc0132ff15f9bd4ffd260aacb79b3ef25c78697efb5381a263eccb2b3"
2025-10-31T09:24:23.882173Z  INFO scan_sources: tailwindcss_oxide::scanner: Discovering "/var/www/.npm/_cacache/index-v5/81"
2025-10-31T09:24:23.896774Z  INFO scan_sources: tailwindcss_oxide::scanner: Discovering "/var/www/.npm/_cacache/index-v5/81/f2"
2025-10-31T09:24:23.914931Z  INFO scan_sources: tailwindcss_oxide::scanner: Discovering "/var/www/.npm/_cacache/index-v5/81/f2/81e2c3cfa820438ebf97ad3fd84862242ce2590a03643542aca9a6d4045b"
2025-10-31T09:24:23.939681Z  INFO scan_sources: tailwindcss_oxide::scanner: Discovering "/var/www/.npm/_cacache/index-v5/91"
2025-10-31T09:24:23.953499Z  INFO scan_sources: tailwindcss_oxide::scanner: Discovering "/var/www/.npm/_cacache/index-v5/91/d2"
2025-10-31T09:24:23.970223Z  INFO scan_sources: tailwindcss_oxide::scanner: Discovering "/var/www/.npm/_cacache/index-v5/91/d2/e458811b1cedd2883309a4efd8ffbc157d2016fd8cf5e3d5a40694c7ac0f"
2025-10-31T09:24:23.998429Z  INFO scan_sources: tailwindcss_oxide::scanner: Discovering "/var/www/.npm/_cacache/index-v5/95"
2025-10-31T09:24:24.011794Z  INFO scan_sources: tailwindcss_oxide::scanner: Discovering "/var/www/.npm/_cacache/index-v5/95/75"
2025-10-31T09:24:24.038633Z  INFO scan_sources: tailwindcss_oxide::scanner: Discovering "/var/www/.npm/_cacache/index-v5/95/75/687939821827baf89453eb86559a27c09f58aeb98ea6455ac1964224bc85"
2025-10-31T09:24:24.059230Z  INFO scan_sources: tailwindcss_oxide::scanner: Discovering "/var/www/.npm/_cacache/index-v5/95/ce"
2025-10-31T09:24:24.075848Z  INFO scan_sources: tailwindcss_oxide::scanner: Discovering "/var/www/.npm/_cacache/index-v5/95/ce/a9a3503989c6a077449a1163dd576bb7c7cfd1892929c80384ba5bc2b15f"
2025-10-31T09:24:24.104903Z  INFO scan_sources: tailwindcss_oxide::scanner: Discovering "/var/www/.npm/_cacache/index-v5/98"
2025-10-31T09:24:24.123739Z  INFO scan_sources: tailwindcss_oxide::scanner: Discovering "/var/www/.npm/_cacache/index-v5/98/27"
2025-10-31T09:24:24.149741Z  INFO scan_sources: tailwindcss_oxide::scanner: Discovering "/var/www/.npm/_cacache/index-v5/98/27/0f33f726ba421c358f57ea720437e7dc237478340b3fa063def648d4edb5"
2025-10-31T09:24:24.176117Z  INFO scan_sources: tailwindcss_oxide::scanner: Discovering "/var/www/.npm/_cacache/index-v5/98/7f"
2025-10-31T09:24:24.196128Z  INFO scan_sources: tailwindcss_oxide::scanner: Discovering "/var/www/.npm/_cacache/index-v5/98/7f/b9ed7ece4e1ab7032356cf5f318c7db1c6ec4b99a4de096ddc793bbd4924"
2025-10-31T09:24:24.219764Z  INFO scan_sources: tailwindcss_oxide::scanner: Discovering "/var/www/.npm/_cacache/index-v5/b4"
2025-10-31T09:24:24.243165Z  INFO scan_sources: tailwindcss_oxide::scanner: Discovering "/var/www/.npm/_cacache/index-v5/b4/17"
2025-10-31T09:24:24.262515Z  INFO scan_sources: tailwindcss_oxide::scanner: Discovering "/var/www/.npm/_cacache/index-v5/b4/17/36e453eb992a4a6dd0ee5bbed8514fb0fd3ad070effe4405413e734bcb96"
2025-10-31T09:24:24.281300Z  INFO scan_sources: tailwindcss_oxide::scanner: Discovering "/var/www/.npm/_cacache/index-v5/b4/2a"
2025-10-31T09:24:24.303971Z  INFO scan_sources: tailwindcss_oxide::scanner: Discovering "/var/www/.npm/_cacache/index-v5/b4/2a/dd9846de4550f7ba748c45a944b512248c45ffb07ef44b43302c628ce36f"
2025-10-31T09:24:24.329079Z  INFO scan_sources: tailwindcss_oxide::scanner: Discovering "/var/www/.npm/_cacache/index-v5/c0"
2025-10-31T09:24:24.346485Z  INFO scan_sources: tailwindcss_oxide::scanner: Discovering "/var/www/.npm/_cacache/index-v5/c0/c0"
2025-10-31T09:24:24.365277Z  INFO scan_sources: tailwindcss_oxide::scanner: Discovering "/var/www/.npm/_cacache/index-v5/c0/c0/650352b245af3fd7ea8ee1c8b1cbc8ef00cc024fe1988df687c049bfbc10"
2025-10-31T09:24:24.386726Z  INFO scan_sources: tailwindcss_oxide::scanner: Discovering "/var/www/.npm/_cacache/index-v5/cd"
2025-10-31T09:24:24.405239Z  INFO scan_sources: tailwindcss_oxide::scanner: Discovering "/var/www/.npm/_cacache/index-v5/cd/8f"
2025-10-31T09:24:24.426768Z  INFO scan_sources: tailwindcss_oxide::scanner: Discovering "/var/www/.npm/_cacache/index-v5/cd/8f/84e0047b46a31fbd11cf03ebf4fa46a6d120b197414fd2040a13bf2c4a94"
2025-10-31T09:24:24.449582Z  INFO scan_sources: tailwindcss_oxide::scanner: Discovering "/var/www/.npm/_cacache/index-v5/d4"
2025-10-31T09:24:24.467797Z  INFO scan_sources: tailwindcss_oxide::scanner: Discovering "/var/www/.npm/_cacache/index-v5/d4/44"
2025-10-31T09:24:24.489024Z  INFO scan_sources: tailwindcss_oxide::scanner: Discovering "/var/www/.npm/_cacache/index-v5/d4/44/7902e027e84fadb4db8c1421dc7e698e367fdc69fd956bcd96970aa1e011"
2025-10-31T09:24:24.509250Z  INFO scan_sources: tailwindcss_oxide::scanner: Discovering "/var/www/.npm/_cacache/index-v5/dc"
2025-10-31T09:24:24.532139Z  INFO scan_sources: tailwindcss_oxide::scanner: Discovering "/var/www/.npm/_cacache/index-v5/dc/51"
2025-10-31T09:24:24.547931Z  INFO scan_sources: tailwindcss_oxide::scanner: Discovering "/var/www/.npm/_cacache/index-v5/dc/51/a1cd14e37ab15353ce9c87b7cfac2515f8edf140b30fdee2cb0736d7589a"
2025-10-31T09:24:24.566535Z  INFO scan_sources: tailwindcss_oxide::scanner: Discovering "/var/www/.npm/_cacache/index-v5/dc/cf"
2025-10-31T09:24:24.587409Z  INFO scan_sources: tailwindcss_oxide::scanner: Discovering "/var/www/.npm/_cacache/index-v5/dc/cf/f240ac08562ca7975e29095c35323ec2278d9e715b01327e342d13e433f8"
2025-10-31T09:24:24.606090Z  INFO scan_sources: tailwindcss_oxide::scanner: Discovering "/var/www/.npm/_cacache/index-v5/e7"
2025-10-31T09:24:24.626344Z  INFO scan_sources: tailwindcss_oxide::scanner: Discovering "/var/www/.npm/_cacache/index-v5/e7/f7"
2025-10-31T09:24:24.646611Z  INFO scan_sources: tailwindcss_oxide::scanner: Discovering "/var/www/.npm/_cacache/index-v5/e7/f7/256a34a653bc30a5cc9ec1175b43a5bbff9db0c6f1a5e3a04eae78a8d20f"
2025-10-31T09:24:24.669703Z  INFO scan_sources: tailwindcss_oxide::scanner: Discovering "/var/www/.npm/_cacache/tmp"
2025-10-31T09:24:24.694294Z  INFO scan_sources: tailwindcss_oxide::scanner: Discovering "/var/www/.npm/_logs"
2025-10-31T09:24:24.718842Z  INFO scan_sources: tailwindcss_oxide::scanner: Discovering "/var/www/.npm/_update-notifier-last-checked"
2025-10-31T09:24:24.740984Z  INFO scan_sources: tailwindcss_oxide::scanner: Discovering "/var/www/.prettierignore"
2025-10-31T09:24:24.756339Z  INFO scan_sources: tailwindcss_oxide::scanner: Discovering "/var/www/.prettierrc"
2025-10-31T09:24:24.767469Z  INFO scan_sources: tailwindcss_oxide::scanner: Discovering "/var/www/ADMIN_LOGIN_SETUP.md"
2025-10-31T09:24:24.782803Z  INFO scan_sources: tailwindcss_oxide::scanner: Discovering "/var/www/app"
2025-10-31T09:24:24.801918Z  INFO scan_sources: tailwindcss_oxide::scanner: Discovering "/var/www/app/Http"
2025-10-31T09:24:24.815327Z  INFO scan_sources: tailwindcss_oxide::scanner: Discovering "/var/www/app/Http/Controllers"
2025-10-31T09:24:24.838172Z  INFO scan_sources: tailwindcss_oxide::scanner: Discovering "/var/www/app/Http/Controllers/AdminAuthController.php"
2025-10-31T09:24:24.856079Z  INFO scan_sources: tailwindcss_oxide::scanner: Discovering "/var/www/app/Http/Controllers/Controller.php"
2025-10-31T09:24:24.871154Z  INFO scan_sources: tailwindcss_oxide::scanner: Discovering "/var/www/app/Http/Controllers/DonationController.php"
2025-10-31T09:24:24.890800Z  INFO scan_sources: tailwindcss_oxide::scanner: Discovering "/var/www/app/Http/Middleware"
2025-10-31T09:24:24.911999Z  INFO scan_sources: tailwindcss_oxide::scanner: Discovering "/var/www/app/Http/Middleware/HandleInertiaRequests.php"
2025-10-31T09:24:24.927422Z  INFO scan_sources: tailwindcss_oxide::scanner: Discovering "/var/www/app/Http/Middleware/IsAdmin.php"
2025-10-31T09:24:24.951802Z  INFO scan_sources: tailwindcss_oxide::scanner: Discovering "/var/www/app/Models"
2025-10-31T09:24:24.974586Z  INFO scan_sources: tailwindcss_oxide::scanner: Discovering "/var/www/app/Models/Donation.php"
2025-10-31T09:24:24.991129Z  INFO scan_sources: tailwindcss_oxide::scanner: Discovering "/var/www/app/Models/User.php"
2025-10-31T09:24:25.017962Z  INFO scan_sources: tailwindcss_oxide::scanner: Discovering "/var/www/app/Providers"
2025-10-31T09:24:25.045617Z  INFO scan_sources: tailwindcss_oxide::scanner: Discovering "/var/www/app/Providers/AppServiceProvider.php"
2025-10-31T09:24:25.063463Z  INFO scan_sources: tailwindcss_oxide::scanner: Discovering "/var/www/app/Services"
2025-10-31T09:24:25.084277Z  INFO scan_sources: tailwindcss_oxide::scanner: Discovering "/var/www/app/Services/CurrencyService.php"
2025-10-31T09:24:25.104732Z  INFO scan_sources: tailwindcss_oxide::scanner: Discovering "/var/www/artisan"
2025-10-31T09:24:25.113311Z  INFO scan_sources: tailwindcss_oxide::scanner: Discovering "/var/www/bootstrap"
2025-10-31T09:24:25.129804Z  INFO scan_sources: tailwindcss_oxide::scanner: Discovering "/var/www/bootstrap/app.php"
2025-10-31T09:24:25.146106Z  INFO scan_sources: tailwindcss_oxide::scanner: Discovering "/var/www/bootstrap/cache"
2025-10-31T09:24:25.182146Z  INFO scan_sources: tailwindcss_oxide::scanner: Discovering "/var/www/bootstrap/providers.php"
2025-10-31T09:24:25.204594Z  INFO scan_sources: tailwindcss_oxide::scanner: Discovering "/var/www/composer.json"
2025-10-31T09:24:25.214261Z  INFO scan_sources: tailwindcss_oxide::scanner: Discovering "/var/www/config"
2025-10-31T09:24:25.234370Z  INFO scan_sources: tailwindcss_oxide::scanner: Discovering "/var/www/config/app.php"
2025-10-31T09:24:25.254933Z  INFO scan_sources: tailwindcss_oxide::scanner: Discovering "/var/www/config/auth.php"
2025-10-31T09:24:25.269714Z  INFO scan_sources: tailwindcss_oxide::scanner: Discovering "/var/www/config/cache.php"
2025-10-31T09:24:25.283447Z  INFO scan_sources: tailwindcss_oxide::scanner: Discovering "/var/www/config/database.php"
2025-10-31T09:24:25.302039Z  INFO scan_sources: tailwindcss_oxide::scanner: Discovering "/var/www/config/filesystems.php"
2025-10-31T09:24:25.317140Z  INFO scan_sources: tailwindcss_oxide::scanner: Discovering "/var/www/config/inertia.php"
2025-10-31T09:24:25.332185Z  INFO scan_sources: tailwindcss_oxide::scanner: Discovering "/var/www/config/logging.php"
2025-10-31T09:24:25.354654Z  INFO scan_sources: tailwindcss_oxide::scanner: Discovering "/var/www/config/mail.php"
2025-10-31T09:24:25.379908Z  INFO scan_sources: tailwindcss_oxide::scanner: Discovering "/var/www/config/queue.php"
2025-10-31T09:24:25.397319Z  INFO scan_sources: tailwindcss_oxide::scanner: Discovering "/var/www/config/services.php"
2025-10-31T09:24:25.419475Z  INFO scan_sources: tailwindcss_oxide::scanner: Discovering "/var/www/config/session.php"
2025-10-31T09:24:25.450517Z  INFO scan_sources: tailwindcss_oxide::scanner: Discovering "/var/www/CURRENCY-API-INTEGRATION.md"
2025-10-31T09:24:25.476459Z  INFO scan_sources: tailwindcss_oxide::scanner: Discovering "/var/www/database"
2025-10-31T09:24:25.534820Z  INFO scan_sources: tailwindcss_oxide::scanner: Discovering "/var/www/database/factories"
2025-10-31T09:24:25.568579Z  INFO scan_sources: tailwindcss_oxide::scanner: Discovering "/var/www/database/factories/UserFactory.php"
2025-10-31T09:24:25.617729Z  INFO scan_sources: tailwindcss_oxide::scanner: Discovering "/var/www/database/migrations"
2025-10-31T09:24:25.652142Z  INFO scan_sources: tailwindcss_oxide::scanner: Discovering "/var/www/database/migrations/0001_01_01_000000_create_users_table.php"
2025-10-31T09:24:25.679709Z  INFO scan_sources: tailwindcss_oxide::scanner: Discovering "/var/www/database/migrations/0001_01_01_000001_create_cache_table.php"
2025-10-31T09:24:25.706725Z  INFO scan_sources: tailwindcss_oxide::scanner: Discovering "/var/www/database/migrations/0001_01_01_000002_create_jobs_table.php"
2025-10-31T09:24:25.733186Z  INFO scan_sources: tailwindcss_oxide::scanner: Discovering "/var/www/database/migrations/2025_10_30_031008_create_donations_table.php"
2025-10-31T09:24:25.756543Z  INFO scan_sources: tailwindcss_oxide::scanner: Discovering "/var/www/database/migrations/2025_10_31_084225_add_is_admin_to_users_table.php"
2025-10-31T09:24:25.786051Z  INFO scan_sources: tailwindcss_oxide::scanner: Discovering "/var/www/database/seeders"
2025-10-31T09:24:25.819306Z  INFO scan_sources: tailwindcss_oxide::scanner: Discovering "/var/www/database/seeders/AdminUserSeeder.php"
2025-10-31T09:24:25.844274Z  INFO scan_sources: tailwindcss_oxide::scanner: Discovering "/var/www/database/seeders/DatabaseSeeder.php"
2025-10-31T09:24:25.875759Z  INFO scan_sources: tailwindcss_oxide::scanner: Discovering "/var/www/DEMO-SCRIPT.md"
2025-10-31T09:24:25.893742Z  INFO scan_sources: tailwindcss_oxide::scanner: Discovering "/var/www/docker"
2025-10-31T09:24:25.909652Z  INFO scan_sources: tailwindcss_oxide::scanner: Discovering "/var/www/docker/nginx"
2025-10-31T09:24:25.928253Z  INFO scan_sources: tailwindcss_oxide::scanner: Discovering "/var/www/docker/nginx/default.conf"
2025-10-31T09:24:25.953941Z  INFO scan_sources: tailwindcss_oxide::scanner: Discovering "/var/www/docker-compose.yml"
2025-10-31T09:24:25.966532Z  INFO scan_sources: tailwindcss_oxide::scanner: Discovering "/var/www/Dockerfile"
2025-10-31T09:24:25.990228Z  INFO scan_sources: tailwindcss_oxide::scanner: Discovering "/var/www/eslint.config.js"
2025-10-31T09:24:26.021570Z  INFO scan_sources: tailwindcss_oxide::scanner: Discovering "/var/www/INERTIA-FIX.md"
2025-10-31T09:24:26.039253Z  INFO scan_sources: tailwindcss_oxide::scanner: Discovering "/var/www/INTERVIEW-PRESENTATION.md"
2025-10-31T09:24:26.061371Z  INFO scan_sources: tailwindcss_oxide::scanner: Discovering "/var/www/INTERVIEW-READY.md"
2025-10-31T09:24:26.078287Z  INFO scan_sources: tailwindcss_oxide::scanner: Discovering "/var/www/LOCAL-WSO2-SETUP.md"
2025-10-31T09:24:26.104450Z  INFO scan_sources: tailwindcss_oxide::scanner: Discovering "/var/www/openapi.yaml"
2025-10-31T09:24:26.122554Z  INFO scan_sources: tailwindcss_oxide::scanner: Discovering "/var/www/package.json"
2025-10-31T09:24:26.143056Z  INFO scan_sources: tailwindcss_oxide::scanner: Discovering "/var/www/phpunit.xml"
2025-10-31T09:24:26.159420Z  INFO scan_sources: tailwindcss_oxide::scanner: Discovering "/var/www/public"
2025-10-31T09:24:26.178589Z  INFO scan_sources: tailwindcss_oxide::scanner: Discovering "/var/www/public/.htaccess"
2025-10-31T09:24:26.217776Z  INFO scan_sources: tailwindcss_oxide::scanner: Discovering "/var/www/public/favicon.svg"
2025-10-31T09:24:26.233830Z  INFO scan_sources: tailwindcss_oxide::scanner: Discovering "/var/www/public/index.php"
2025-10-31T09:24:26.251944Z  INFO scan_sources: tailwindcss_oxide::scanner: Discovering "/var/www/public/logo.svg"
2025-10-31T09:24:26.269795Z  INFO scan_sources: tailwindcss_oxide::scanner: Discovering "/var/www/public/robots.txt"
2025-10-31T09:24:26.288056Z  INFO scan_sources: tailwindcss_oxide::scanner: Discovering "/var/www/README-DOCKER.md"
2025-10-31T09:24:26.301906Z  INFO scan_sources: tailwindcss_oxide::scanner: Discovering "/var/www/resources"
2025-10-31T09:24:26.322267Z  INFO scan_sources: tailwindcss_oxide::scanner: Discovering "/var/www/resources/css"
2025-10-31T09:24:26.338209Z  INFO scan_sources: tailwindcss_oxide::scanner: Discovering "/var/www/resources/css/app.css"
2025-10-31T09:24:26.360098Z  INFO scan_sources: tailwindcss_oxide::scanner: Discovering "/var/www/resources/js"
2025-10-31T09:24:26.412268Z  INFO scan_sources: tailwindcss_oxide::scanner: Discovering "/var/www/resources/js/app.tsx"
2025-10-31T09:24:26.440087Z  INFO scan_sources: tailwindcss_oxide::scanner: Discovering "/var/www/resources/js/lib"
2025-10-31T09:24:26.473749Z  INFO scan_sources: tailwindcss_oxide::scanner: Discovering "/var/www/resources/js/lib/utils.ts"
2025-10-31T09:24:26.505738Z  INFO scan_sources: tailwindcss_oxide::scanner: Discovering "/var/www/resources/js/pages"
2025-10-31T09:24:26.535647Z  INFO scan_sources: tailwindcss_oxide::scanner: Discovering "/var/www/resources/js/pages/admin-login.tsx"
2025-10-31T09:24:26.558133Z  INFO scan_sources: tailwindcss_oxide::scanner: Discovering "/var/www/resources/js/pages/admin.tsx"
2025-10-31T09:24:26.584426Z  INFO scan_sources: tailwindcss_oxide::scanner: Discovering "/var/www/resources/js/pages/donate.tsx"
2025-10-31T09:24:26.605322Z  INFO scan_sources: tailwindcss_oxide::scanner: Discovering "/var/www/resources/js/pages/welcome.tsx"
2025-10-31T09:24:26.669573Z  INFO scan_sources: tailwindcss_oxide::scanner: Discovering "/var/www/resources/js/ssr.tsx"
2025-10-31T09:24:26.685124Z  INFO scan_sources: tailwindcss_oxide::scanner: Discovering "/var/www/resources/js/types"
2025-10-31T09:24:26.708133Z  INFO scan_sources: tailwindcss_oxide::scanner: Discovering "/var/www/resources/js/types/index.d.ts"
2025-10-31T09:24:26.737690Z  INFO scan_sources: tailwindcss_oxide::scanner: Discovering "/var/www/resources/js/types/vite-env.d.ts"
2025-10-31T09:24:26.814756Z  INFO scan_sources: tailwindcss_oxide::scanner: Discovering "/var/www/resources/views"
2025-10-31T09:24:26.849237Z  INFO scan_sources: tailwindcss_oxide::scanner: Discovering "/var/www/resources/views/app.blade.php"
2025-10-31T09:24:26.874878Z  INFO scan_sources: tailwindcss_oxide::scanner: Discovering "/var/www/routes"
2025-10-31T09:24:26.905289Z  INFO scan_sources: tailwindcss_oxide::scanner: Discovering "/var/www/routes/api.php"
2025-10-31T09:24:26.927692Z  INFO scan_sources: tailwindcss_oxide::scanner: Discovering "/var/www/routes/console.php"
2025-10-31T09:24:26.949346Z  INFO scan_sources: tailwindcss_oxide::scanner: Discovering "/var/www/routes/web.php"
2025-10-31T09:24:26.995523Z  INFO scan_sources: tailwindcss_oxide::scanner: Discovering "/var/www/storage"
2025-10-31T09:24:27.024267Z  INFO scan_sources: tailwindcss_oxide::scanner: Discovering "/var/www/storage/app"
2025-10-31T09:24:27.081776Z  INFO scan_sources: tailwindcss_oxide::scanner: Discovering "/var/www/storage/app/private"
2025-10-31T09:24:27.131126Z  INFO scan_sources: tailwindcss_oxide::scanner: Discovering "/var/www/storage/app/public"
2025-10-31T09:24:27.178425Z  INFO scan_sources: tailwindcss_oxide::scanner: Discovering "/var/www/storage/framework"
2025-10-31T09:24:27.209257Z  INFO scan_sources: tailwindcss_oxide::scanner: Discovering "/var/www/storage/framework/cache"
2025-10-31T09:24:27.238334Z  INFO scan_sources: tailwindcss_oxide::scanner: Discovering "/var/www/storage/framework/cache/data"
2025-10-31T09:24:27.276724Z  INFO scan_sources: tailwindcss_oxide::scanner: Discovering "/var/www/storage/framework/sessions"
2025-10-31T09:24:27.314898Z  INFO scan_sources: tailwindcss_oxide::scanner: Discovering "/var/www/storage/framework/testing"
2025-10-31T09:24:27.352183Z  INFO scan_sources: tailwindcss_oxide::scanner: Discovering "/var/www/storage/framework/views"
2025-10-31T09:24:27.392539Z  INFO scan_sources: tailwindcss_oxide::scanner: Discovering "/var/www/storage/logs"
2025-10-31T09:24:27.439419Z  INFO scan_sources: tailwindcss_oxide::scanner: Discovering "/var/www/test-api.ps1"
2025-10-31T09:24:27.468488Z  INFO scan_sources: tailwindcss_oxide::scanner: Discovering "/var/www/tests"
2025-10-31T09:24:27.488443Z  INFO scan_sources: tailwindcss_oxide::scanner: Discovering "/var/www/tests/Feature"
2025-10-31T09:24:27.521307Z  INFO scan_sources: tailwindcss_oxide::scanner: Discovering "/var/www/tests/Feature/DonationTest.php"
2025-10-31T09:24:27.547332Z  INFO scan_sources: tailwindcss_oxide::scanner: Discovering "/var/www/tests/Feature/ExampleTest.php"
2025-10-31T09:24:27.559421Z  INFO scan_sources: tailwindcss_oxide::scanner: Discovering "/var/www/tests/TestCase.php"
2025-10-31T09:24:27.584528Z  INFO scan_sources: tailwindcss_oxide::scanner: Discovering "/var/www/tests/Unit"
2025-10-31T09:24:27.617146Z  INFO scan_sources: tailwindcss_oxide::scanner: Discovering "/var/www/tests/Unit/ExampleTest.php"
2025-10-31T09:24:27.638971Z  INFO scan_sources: tailwindcss_oxide::scanner: Discovering "/var/www/tsconfig.json"
2025-10-31T09:24:27.670015Z  INFO scan_sources: tailwindcss_oxide::scanner: Discovering "/var/www/vite.config.ts"
2025-10-31T09:24:27.689961Z  INFO scan_sources: tailwindcss_oxide::scanner: Discovering "/var/www/WSO2-SETUP-GUIDE.md"
2025-10-31T09:24:27.841583Z  INFO scan_sources: tailwindcss_oxide::scanner: Discovering "/var/www/vendor/laravel/framework/src/Illuminate/Pagination/resources/views/bootstrap-4.blade.php"
2025-10-31T09:24:27.854671Z  INFO scan_sources: tailwindcss_oxide::scanner: Discovering "/var/www/vendor/laravel/framework/src/Illuminate/Pagination/resources/views/bootstrap-5.blade.php"
2025-10-31T09:24:27.887357Z  INFO scan_sources: tailwindcss_oxide::scanner: Discovering "/var/www/vendor/laravel/framework/src/Illuminate/Pagination/resources/views/default.blade.php"
2025-10-31T09:24:27.916043Z  INFO scan_sources: tailwindcss_oxide::scanner: Discovering "/var/www/vendor/laravel/framework/src/Illuminate/Pagination/resources/views/semantic-ui.blade.php"
2025-10-31T09:24:27.945013Z  INFO scan_sources: tailwindcss_oxide::scanner: Discovering "/var/www/vendor/laravel/framework/src/Illuminate/Pagination/resources/views/simple-bootstrap-4.blade.php"
2025-10-31T09:24:27.970905Z  INFO scan_sources: tailwindcss_oxide::scanner: Discovering "/var/www/vendor/laravel/framework/src/Illuminate/Pagination/resources/views/simple-bootstrap-5.blade.php"
2025-10-31T09:24:27.994885Z  INFO scan_sources: tailwindcss_oxide::scanner: Discovering "/var/www/vendor/laravel/framework/src/Illuminate/Pagination/resources/views/simple-default.blade.php"
2025-10-31T09:24:28.014577Z  INFO scan_sources: tailwindcss_oxide::scanner: Discovering "/var/www/vendor/laravel/framework/src/Illuminate/Pagination/resources/views/simple-tailwind.blade.php"
2025-10-31T09:24:28.047664Z  INFO scan_sources: tailwindcss_oxide::scanner: Discovering "/var/www/vendor/laravel/framework/src/Illuminate/Pagination/resources/views/tailwind.blade.php"
2025-10-31T09:24:28.068426Z  INFO scan_sources: tailwindcss_oxide::scanner: exit
2025-10-31T09:24:28.070127Z  INFO extract_candidates: tailwindcss_oxide::scanner: enter
2025-10-31T09:24:28.072956Z  INFO extract_candidates:read_all_files: tailwindcss_oxide::scanner: enter
2025-10-31T09:24:28.074003Z  INFO extract_candidates:read_all_files: tailwindcss_oxide::scanner: Reading 138 file(s)
2025-10-31T09:24:28.114034Z  INFO tailwindcss_oxide::scanner: Reading "/var/www/.env.example"
2025-10-31T09:24:28.117835Z  INFO tailwindcss_oxide::scanner: Reading "/var/www/DEMO-SCRIPT.md"
2025-10-31T09:24:28.118698Z  INFO tailwindcss_oxide::scanner: Reading "/var/www/config/auth.php"
2025-10-31T09:24:28.119318Z  INFO tailwindcss_oxide::scanner: Reading "/var/www/CURRENCY-API-INTEGRATION.md"
2025-10-31T09:24:28.121184Z  INFO tailwindcss_oxide::scanner: Reading "/var/www/eslint.config.js"
2025-10-31T09:24:28.122429Z  INFO tailwindcss_oxide::scanner: Reading "/var/www/composer.json"
2025-10-31T09:24:28.123938Z  INFO tailwindcss_oxide::scanner: Reading "/var/www/config/database.php"
2025-10-31T09:24:28.124401Z  INFO tailwindcss_oxide::scanner: Reading "/var/www/config/queue.php"
2025-10-31T09:24:28.125168Z  INFO tailwindcss_oxide::scanner: Reading "/var/www/config/cache.php"
2025-10-31T09:24:28.125884Z  INFO tailwindcss_oxide::scanner: Reading "/var/www/config/mail.php"
2025-10-31T09:24:28.159706Z  INFO tailwindcss_oxide::scanner: Reading "/var/www/.npm/_cacache/content-v2/sha512/60/6e/ab8abee54fe3a775b68ff5a74b42ceb13373cea2ee547ab370b4c8425b066a7a32f86a02bfd8f6bed33119d86f33692bad86ad829999e8647730d0a68d7d"
2025-10-31T09:24:28.162458Z  INFO tailwindcss_oxide::scanner: Reading "/var/www/README-DOCKER.md"
2025-10-31T09:24:28.127054Z  INFO tailwindcss_oxide::scanner: Reading "/var/www/routes/web.php"
2025-10-31T09:24:28.129753Z  INFO tailwindcss_oxide::scanner: Reading "/var/www/config/app.php"
2025-10-31T09:24:28.131499Z  INFO tailwindcss_oxide::scanner: Reading "/var/www/database/migrations/2025_10_30_031008_create_donations_table.php"
2025-10-31T09:24:28.136685Z  INFO tailwindcss_oxide::scanner: Reading "/var/www/database/seeders/AdminUserSeeder.php"
2025-10-31T09:24:28.136841Z  INFO tailwindcss_oxide::scanner: Reading "/var/www/.cache/composer/.htaccess"
2025-10-31T09:24:28.143329Z  INFO tailwindcss_oxide::scanner: Reading "/var/www/.local/share/composer/.htaccess"
2025-10-31T09:24:28.145031Z  INFO tailwindcss_oxide::scanner: Reading "/var/www/resources/js/pages/admin.tsx"
2025-10-31T09:24:28.145934Z  INFO tailwindcss_oxide::scanner: Reading "/var/www/.npm/_cacache/index-v5/cd/8f/84e0047b46a31fbd11cf03ebf4fa46a6d120b197414fd2040a13bf2c4a94"
2025-10-31T09:24:28.147216Z  INFO tailwindcss_oxide::scanner: Reading "/var/www/.npm/_cacache/index-v5/6b/29/0e2ce818eb41b47a7a1700f8ada39163aff7e0fc8ca01defe86ee68e5f27"
2025-10-31T09:24:28.148142Z  INFO tailwindcss_oxide::scanner: Reading "/var/www/.npm/_cacache/index-v5/95/ce/a9a3503989c6a077449a1163dd576bb7c7cfd1892929c80384ba5bc2b15f"
2025-10-31T09:24:28.196280Z  INFO tailwindcss_oxide::scanner: Reading "/var/www/resources/js/app.tsx"
2025-10-31T09:24:28.151859Z  INFO tailwindcss_oxide::scanner: Reading "/var/www/.npm/_cacache/index-v5/dc/cf/f240ac08562ca7975e29095c35323ec2278d9e715b01327e342d13e433f8"
2025-10-31T09:24:28.152186Z  INFO tailwindcss_oxide::scanner: Reading "/var/www/.gitattributes"
2025-10-31T09:24:28.152376Z  INFO tailwindcss_oxide::scanner: Reading "/var/www/.npm/_cacache/content-v2/sha512/4e/3c/7472940817bc367aa9e86075e42708f4757fe4408c32edf11296124b38e9056b131b4b3da3230253c6e7a8b141d28b6c68d1ba244ca82c5848af20321d6c"
2025-10-31T09:24:28.152379Z  INFO tailwindcss_oxide::scanner: Reading "/var/www/.npm/_cacache/index-v5/7c/22/e50fc0132ff15f9bd4ffd260aacb79b3ef25c78697efb5381a263eccb2b3"
2025-10-31T09:24:28.152698Z  INFO tailwindcss_oxide::scanner: Reading "/var/www/.npm/_cacache/content-v2/sha512/6a/84/2b942b02a46e100cf579814a3dc9e79f87c41be4be2bd2edcbdff352a58f1d04ae356b903ae3f652c308951b0b0c7377a987deae5b5f0b8513bdf4cd1285"
2025-10-31T09:24:28.154648Z  INFO tailwindcss_oxide::scanner: Reading "/var/www/docker/nginx/default.conf"
2025-10-31T09:24:28.155591Z  INFO tailwindcss_oxide::scanner: Reading "/var/www/.npm/_cacache/index-v5/54/ad/2a9923fe219972066d2d7b8d66c171cce48580bc9393935ca538970568bf"
2025-10-31T09:24:28.158081Z  INFO tailwindcss_oxide::scanner: Reading "/var/www/.npm/_cacache/index-v5/b4/2a/dd9846de4550f7ba748c45a944b512248c45ffb07ef44b43302c628ce36f"
2025-10-31T09:24:28.125956Z  INFO tailwindcss_oxide::scanner: Reading "/var/www/config/services.php"
2025-10-31T09:24:28.126977Z  INFO tailwindcss_oxide::scanner: Reading "/var/www/public/favicon.svg"
2025-10-31T09:24:28.167718Z  INFO tailwindcss_oxide::scanner: Reading "/var/www/INERTIA-FIX.md"
2025-10-31T09:24:28.174790Z  INFO tailwindcss_oxide::scanner: Reading "/var/www/database/factories/UserFactory.php"
2025-10-31T09:24:28.179581Z  INFO tailwindcss_oxide::scanner: Reading "/var/www/LOCAL-WSO2-SETUP.md"
2025-10-31T09:24:28.182438Z  INFO tailwindcss_oxide::scanner: Reading "/var/www/config/filesystems.php"
2025-10-31T09:24:28.183210Z  INFO tailwindcss_oxide::scanner: Reading "/var/www/database/migrations/2025_10_31_084225_add_is_admin_to_users_table.php"
2025-10-31T09:24:28.183879Z  INFO tailwindcss_oxide::scanner: Reading "/var/www/docker-compose.yml"
2025-10-31T09:24:28.186384Z  INFO tailwindcss_oxide::scanner: Reading "/var/www/.npm/_cacache/content-v2/sha512/e1/8d/2ee8f390b9b9eea51b321d1ef82ef2fcb8b0b80662d341dd8e08ad2db27d75c9491cf76cf0d8bad931babb624c71d267b0f0973b80d245720c7471f8bc75"
2025-10-31T09:24:28.192406Z  INFO tailwindcss_oxide::scanner: Reading "/var/www/test-api.ps1"
2025-10-31T09:24:28.149025Z  INFO tailwindcss_oxide::scanner: Reading "/var/www/.npm/_cacache/index-v5/72/03/0b00b97c77922cd1b4d1238fa5e205524f61da816a3682adec75c26e0992"
2025-10-31T09:24:28.211958Z  INFO tailwindcss_oxide::scanner: Reading "/var/www/database/seeders/DatabaseSeeder.php"
2025-10-31T09:24:28.215601Z  INFO tailwindcss_oxide::scanner: Reading "/var/www/.npm/_cacache/index-v5/29/f3/96eea1572db910d8e30047183ab4f882ec5e7e7c52be6acc1db91865ce63"
2025-10-31T09:24:28.217077Z  INFO tailwindcss_oxide::scanner: Reading "/var/www/.npm/_cacache/index-v5/c0/c0/650352b245af3fd7ea8ee1c8b1cbc8ef00cc024fe1988df687c049bfbc10"
2025-10-31T09:24:28.221728Z  INFO tailwindcss_oxide::scanner: Reading "/var/www/resources/js/pages/donate.tsx"
2025-10-31T09:24:28.223863Z  INFO tailwindcss_oxide::scanner: Reading "/var/www/.config/composer/.htaccess"
2025-10-31T09:24:28.231012Z  INFO tailwindcss_oxide::scanner: Reading "/var/www/resources/js/types/index.d.ts"
2025-10-31T09:24:28.237498Z  INFO tailwindcss_oxide::scanner: Reading "/var/www/.npm/_cacache/index-v5/d4/44/7902e027e84fadb4db8c1421dc7e698e367fdc69fd956bcd96970aa1e011"
2025-10-31T09:24:28.238428Z  INFO tailwindcss_oxide::scanner: Reading "/var/www/resources/js/lib/utils.ts"
2025-10-31T09:24:28.241143Z  INFO tailwindcss_oxide::scanner: Reading "/var/www/.npm/_cacache/index-v5/98/27/0f33f726ba421c358f57ea720437e7dc237478340b3fa063def648d4edb5"
2025-10-31T09:24:28.251267Z  INFO tailwindcss_oxide::scanner: Reading "/var/www/.npm/_cacache/index-v5/e7/f7/256a34a653bc30a5cc9ec1175b43a5bbff9db0c6f1a5e3a04eae78a8d20f"
2025-10-31T09:24:28.255541Z  INFO tailwindcss_oxide::scanner: Reading "/var/www/.github/workflows/lint.yml"
2025-10-31T09:24:28.258554Z  INFO tailwindcss_oxide::scanner: Reading "/var/www/.npm/_cacache/index-v5/dc/51/a1cd14e37ab15353ce9c87b7cfac2515f8edf140b30fdee2cb0736d7589a"
2025-10-31T09:24:28.261660Z  INFO tailwindcss_oxide::scanner: Reading "/var/www/resources/js/pages/admin-login.tsx"
2025-10-31T09:24:28.262308Z  INFO tailwindcss_oxide::scanner: Reading "/var/www/.npm/_cacache/content-v2/sha512/42/e1/16a52a9842c4c94ad02d846486c8d8e5dbf548af0fb1b24de9eb6cbcfdc13aaa6f8123c0fcf141ecd5bde0d334508292da9f42889431c9597dbf2935fd91"
2025-10-31T09:24:28.266163Z  INFO tailwindcss_oxide::scanner: Reading "/var/www/.npm/_cacache/index-v5/81/f2/81e2c3cfa820438ebf97ad3fd84862242ce2590a03643542aca9a6d4045b"
2025-10-31T09:24:28.266697Z  INFO tailwindcss_oxide::scanner: Reading "/var/www/.npm/_cacache/content-v2/sha512/6d/fc/b6cd13a8d737083468ce506e5d56fc8ca6b74794b2a1dac5bc92c5ebc070ae181e57b501404fe89ac45986c38cfec3cf29862fa7863cbeb6aed62857992a"
2025-10-31T09:24:28.268764Z  INFO tailwindcss_oxide::scanner: Reading "/var/www/resources/views/app.blade.php"
2025-10-31T09:24:28.269385Z  INFO tailwindcss_oxide::scanner: Reading "/var/www/config/session.php"
2025-10-31T09:24:28.271918Z  INFO tailwindcss_oxide::scanner: Reading "/var/www/INTERVIEW-PRESENTATION.md"
2025-10-31T09:24:28.273570Z  INFO tailwindcss_oxide::scanner: Reading "/var/www/.npm/_cacache/content-v2/sha512/61/6e/ac6e523bc6e9120f64dd6db69e4150f2b089bf50f26d39b1c91cac4311c5b67b102d638ee3e767fc8d95e4a84d64add9e4842306a8fddd6e78aed537b616"
2025-10-31T09:24:28.273621Z  INFO tailwindcss_oxide::scanner: Reading "/var/www/database/migrations/0001_01_01_000000_create_users_table.php"
2025-10-31T09:24:28.274856Z  INFO tailwindcss_oxide::scanner: Reading "/var/www/public/index.php"
2025-10-31T09:24:28.277284Z  INFO tailwindcss_oxide::scanner: Reading "/var/www/openapi.yaml"
2025-10-31T09:24:28.280410Z  INFO tailwindcss_oxide::scanner: Reading "/var/www/config/inertia.php"
2025-10-31T09:24:28.281808Z  INFO tailwindcss_oxide::scanner: Reading "/var/www/resources/js/types/vite-env.d.ts"
2025-10-31T09:24:28.282546Z  INFO tailwindcss_oxide::scanner: Reading "/var/www/Dockerfile"
2025-10-31T09:24:28.293153Z  INFO tailwindcss_oxide::scanner: Reading "/var/www/.dockerignore"
2025-10-31T09:24:28.293997Z  INFO tailwindcss_oxide::scanner: Reading "/var/www/tests/Feature/DonationTest.php"
2025-10-31T09:24:28.362537Z  INFO tailwindcss_oxide::scanner: Reading "/var/www/public/robots.txt"
2025-10-31T09:24:28.310236Z  INFO tailwindcss_oxide::scanner: Reading "/var/www/resources/js/ssr.tsx"
2025-10-31T09:24:28.312294Z  INFO tailwindcss_oxide::scanner: Reading "/var/www/.npm/_cacache/index-v5/74/7d/f890b65860bb387fef55f328e9f750e94dd0c05ee5514c0502632472e89d"
2025-10-31T09:24:28.312447Z  INFO tailwindcss_oxide::scanner: Reading "/var/www/app/Providers/AppServiceProvider.php"
2025-10-31T09:24:28.319270Z  INFO tailwindcss_oxide::scanner: Reading "/var/www/.npm/_cacache/index-v5/45/e2/4f6765f8bcea6561976ce94bdd2b088785fbcb1c12000ad3d48709812d13"
2025-10-31T09:24:28.324600Z  INFO tailwindcss_oxide::scanner: Reading "/var/www/config/logging.php"
2025-10-31T09:24:28.324774Z  INFO tailwindcss_oxide::scanner: Reading "/var/www/.npm/_update-notifier-last-checked"
2025-10-31T09:24:28.326932Z  INFO tailwindcss_oxide::scanner: Reading "/var/www/resources/js/pages/welcome.tsx"
2025-10-31T09:24:28.329381Z  INFO tailwindcss_oxide::scanner: Reading "/var/www/.npm/_cacache/index-v5/91/d2/e458811b1cedd2883309a4efd8ffbc157d2016fd8cf5e3d5a40694c7ac0f"
2025-10-31T09:24:28.329548Z  INFO tailwindcss_oxide::scanner: Reading "/var/www/app/Models/Donation.php"
2025-10-31T09:24:28.331941Z  INFO tailwindcss_oxide::scanner: Reading "/var/www/.npm/_cacache/content-v2/sha512/a6/25/b1df3e3037c27ccf7f8ee643bbe3ecabeb37bf74a98f9c8eef2ea7d2a88f1b71c693198e718921952090437792b904796f54ba540774b66027de9722756f"
2025-10-31T09:24:28.333389Z  INFO tailwindcss_oxide::scanner: Reading "/var/www/.prettierrc"
2025-10-31T09:24:28.336166Z  INFO tailwindcss_oxide::scanner: Reading "/var/www/INTERVIEW-READY.md"
2025-10-31T09:24:28.339241Z  INFO tailwindcss_oxide::scanner: Reading "/var/www/.npm/_cacache/index-v5/98/7f/b9ed7ece4e1ab7032356cf5f318c7db1c6ec4b99a4de096ddc793bbd4924"
2025-10-31T09:24:28.346256Z  INFO tailwindcss_oxide::scanner: Reading "/var/www/.github/workflows/tests.yml"
2025-10-31T09:24:28.350554Z  INFO tailwindcss_oxide::scanner: Reading "/var/www/public/logo.svg"
2025-10-31T09:24:28.353605Z  INFO tailwindcss_oxide::scanner: Reading "/var/www/routes/api.php"
2025-10-31T09:24:28.297269Z  INFO tailwindcss_oxide::scanner: Reading "/var/www/app/Http/Middleware/HandleInertiaRequests.php"
2025-10-31T09:24:28.363250Z  INFO tailwindcss_oxide::scanner: Reading "/var/www/.npm/_cacache/content-v2/sha512/ee/45/faf4322b05e0fbc8da780396fcd62cecf01aa86640886b141a3a9ba6709d52fe49aa3458cf843bb52c77955efd127b17c742fe5ca87b312ce8c44eea83b8"
2025-10-31T09:24:28.366071Z  INFO tailwindcss_oxide::scanner: Reading "/var/www/routes/console.php"
2025-10-31T09:24:28.372538Z  INFO tailwindcss_oxide::scanner: Reading "/var/www/package.json"
2025-10-31T09:24:28.373711Z  INFO tailwindcss_oxide::scanner: Reading "/var/www/.npm/_cacache/index-v5/b4/17/36e453eb992a4a6dd0ee5bbed8514fb0fd3ad070effe4405413e734bcb96"
2025-10-31T09:24:28.381347Z  INFO tailwindcss_oxide::scanner: Reading "/var/www/.prettierignore"
2025-10-31T09:24:28.383390Z  INFO tailwindcss_oxide::scanner: Reading "/var/www/database/migrations/0001_01_01_000001_create_cache_table.php"
2025-10-31T09:24:28.384242Z  INFO tailwindcss_oxide::scanner: Reading "/var/www/phpunit.xml"
2025-10-31T09:24:28.385144Z  INFO tailwindcss_oxide::scanner: Reading "/var/www/app/Models/User.php"
2025-10-31T09:24:28.386612Z  INFO tailwindcss_oxide::scanner: Reading "/var/www/.editorconfig"
2025-10-31T09:24:28.389161Z  INFO tailwindcss_oxide::scanner: Reading "/var/www/app/Http/Controllers/AdminAuthController.php"
2025-10-31T09:24:28.395119Z  INFO tailwindcss_oxide::scanner: Reading "/var/www/app/Http/Controllers/Controller.php"
2025-10-31T09:24:28.409375Z  INFO tailwindcss_oxide::scanner: Reading "/var/www/tests/Feature/ExampleTest.php"
2025-10-31T09:24:28.415044Z  INFO tailwindcss_oxide::scanner: Reading "/var/www/app/Http/Middleware/IsAdmin.php"
2025-10-31T09:24:28.419291Z  INFO tailwindcss_oxide::scanner: Reading "/var/www/app/Services/CurrencyService.php"
2025-10-31T09:24:28.425667Z  INFO tailwindcss_oxide::scanner: Reading "/var/www/public/.htaccess"
2025-10-31T09:24:28.426196Z  INFO tailwindcss_oxide::scanner: Reading "/var/www/app/Http/Controllers/DonationController.php"
2025-10-31T09:24:28.433112Z  INFO tailwindcss_oxide::scanner: Reading "/var/www/.npm/_cacache/index-v5/4f/e3/76d00fe8fa3d4bf7160eaac30bb8b4b6b8b769845eac26232cdb0a05dcd7"
2025-10-31T09:24:28.435972Z  INFO tailwindcss_oxide::scanner: Reading "/var/www/tests/TestCase.php"
2025-10-31T09:24:28.438004Z  INFO tailwindcss_oxide::scanner: Reading "/var/www/.npm/_cacache/content-v2/sha512/7b/70/bf451846ba7598342dda485edec6c424757cd0fccf9a62e6472a7c3853b290c13268b675ac18e2158a1d2cdaa433984cce148277fb1b7b8aaebb2bfa79e9"
2025-10-31T09:24:28.439027Z  INFO tailwindcss_oxide::scanner: Reading "/var/www/vendor/laravel/framework/src/Illuminate/Pagination/resources/views/bootstrap-4.blade.php"
2025-10-31T09:24:28.506523Z  INFO tailwindcss_oxide::scanner: Reading "/var/www/.npm/_cacache/content-v2/sha512/42/44/89a7d744e96efb539335972e2241eea08f475fd6f40279e6e114aacf2785bb71afa7711e1f2ce7576bdb5240a6d57efd48cd3521103ef1c1e78e9b296bb6"
2025-10-31T09:24:28.444218Z  INFO tailwindcss_oxide::scanner: Reading "/var/www/.npm/_cacache/content-v2/sha512/81/f0/f1f70564bfa250a6e9dc7ded2297103e187d4cccb77b77331393e2402fb9485d3660a255847dc785b902b1901f4ac4073aec33061733cbacfe1f4ea721e3"
2025-10-31T09:24:28.449075Z  INFO tailwindcss_oxide::scanner: Reading "/var/www/vendor/laravel/framework/src/Illuminate/Pagination/resources/views/simple-bootstrap-4.blade.php"
2025-10-31T09:24:28.449209Z  INFO tailwindcss_oxide::scanner: Reading "/var/www/.npm/_cacache/index-v5/95/75/687939821827baf89453eb86559a27c09f58aeb98ea6455ac1964224bc85"
2025-10-31T09:24:28.450510Z  INFO tailwindcss_oxide::scanner: Reading "/var/www/artisan"
2025-10-31T09:24:28.456788Z  INFO tailwindcss_oxide::scanner: Reading "/var/www/.npm/_cacache/content-v2/sha512/a7/da/a72280eeb6ae560bb81e0534df3c0f33ac052ceace9fe88404f8f19734533c0d97bfb60e81973eb291dd0e8055c2cf0596d7f31e05e2ed7eec1b1d4c6744"
2025-10-31T09:24:28.457508Z  INFO tailwindcss_oxide::scanner: Reading "/var/www/database/migrations/0001_01_01_000002_create_jobs_table.php"
2025-10-31T09:24:28.457574Z  INFO tailwindcss_oxide::scanner: Reading "/var/www/vendor/laravel/framework/src/Illuminate/Pagination/resources/views/default.blade.php"
2025-10-31T09:24:28.460873Z  INFO tailwindcss_oxide::scanner: Reading "/var/www/tsconfig.json"
2025-10-31T09:24:28.460923Z  INFO tailwindcss_oxide::scanner: Reading "/var/www/.npm/_cacache/content-v2/sha512/01/21/508606381255e1de70dc38c4e441eae8e1bd6582e6ec90d96121f26bb07e4e2995c3a5400a065352d0ac7cd63c0e069f8709e66a9a826e8a14efe7bfe3bd"
2025-10-31T09:24:28.464064Z  INFO tailwindcss_oxide::scanner: Reading "/var/www/.npm/_cacache/content-v2/sha512/b9/a0/6707d5eb0ced344649ddaa16c8fe1bdb166272f9c3e58d74ed784ec8731a3a7b4f7bdd3ba514bf8cbe1c2c1a83467b5fabbb7d03641b35e43c0235b82ba9"
2025-10-31T09:24:28.486429Z  INFO tailwindcss_oxide::scanner: Reading "/var/www/vendor/laravel/framework/src/Illuminate/Pagination/resources/views/simple-default.blade.php"
2025-10-31T09:24:28.486437Z  INFO tailwindcss_oxide::scanner: Reading "/var/www/.npm/_cacache/content-v2/sha512/13/2a/d34fe116be254702ec3f79118760129094b17e709f931d3e15a82ec935a4cb51d68e34c9af8e52c31697d44bbbe40fcc9c8a079b8a55d01c0248401f15e3"
2025-10-31T09:24:28.489279Z  INFO tailwindcss_oxide::scanner: Reading "/var/www/.npm/_cacache/content-v2/sha512/37/f2/89ab536607edf007e49336feb76d6ed3ab7800792cb087f7acb2fb6c5de2dcb8019bf0152220bb7f43a0f2a742d4250cce275c49e19dfff63f5901082bfa"
2025-10-31T09:24:28.492336Z  INFO tailwindcss_oxide::scanner: Reading "/var/www/vite.config.ts"
2025-10-31T09:24:28.496284Z  INFO tailwindcss_oxide::scanner: Reading "/var/www/tests/Unit/ExampleTest.php"
2025-10-31T09:24:28.497688Z  INFO tailwindcss_oxide::scanner: Reading "/var/www/vendor/laravel/framework/src/Illuminate/Pagination/resources/views/bootstrap-5.blade.php"
2025-10-31T09:24:28.501010Z  INFO tailwindcss_oxide::scanner: Reading "/var/www/vendor/laravel/framework/src/Illuminate/Pagination/resources/views/simple-tailwind.blade.php"
2025-10-31T09:24:28.442294Z  INFO tailwindcss_oxide::scanner: Reading "/var/www/ADMIN_LOGIN_SETUP.md"
2025-10-31T09:24:28.511128Z  INFO tailwindcss_oxide::scanner: Reading "/var/www/vendor/laravel/framework/src/Illuminate/Pagination/resources/views/semantic-ui.blade.php"
2025-10-31T09:24:28.513564Z  INFO tailwindcss_oxide::scanner: Reading "/var/www/vendor/laravel/framework/src/Illuminate/Pagination/resources/views/tailwind.blade.php"
2025-10-31T09:24:28.522674Z  INFO tailwindcss_oxide::scanner: Reading "/var/www/bootstrap/app.php"
2025-10-31T09:24:28.523444Z  INFO tailwindcss_oxide::scanner: Reading "/var/www/WSO2-SETUP-GUIDE.md"
2025-10-31T09:24:28.527320Z  INFO tailwindcss_oxide::scanner: Reading "/var/www/vendor/laravel/framework/src/Illuminate/Pagination/resources/views/simple-bootstrap-5.blade.php"
2025-10-31T09:24:28.528995Z  INFO tailwindcss_oxide::scanner: Reading "/var/www/bootstrap/providers.php"
2025-10-31T09:24:28.531613Z  INFO tailwindcss_oxide::scanner: Reading "/var/www/.npm/_cacache/content-v2/sha512/0a/b6/0ca9fc16e6f2ff65af3bfa01c8b6c21ec0e7c63b018273a548c11463db4b1ec15bea3a90c9b0ad704d33db5ee2ed89b676badca6f7c024429ae0d5058ea3"
2025-10-31T09:24:28.532864Z  INFO tailwindcss_oxide::scanner: Reading "/var/www/.npm/_cacache/content-v2/sha512/0e/ad/5ba8174b699d466ff9767b9ffea37075f3ef1323d00d940d5291e8d9a8381d53f8cafd385868c3cc26954c317cb6b911ef18a6e4cfdbe179519dab77097c"
2025-10-31T09:24:28.533051Z  INFO tailwindcss_oxide::scanner: Reading "/var/www/.npm/_cacache/content-v2/sha512/01/e7/1b32fcdd7d74a6a759c5617595ddcacd8c170d84c54815bccf444f0b127d5ddd1df3102bf2eec6b65c5c486a31d9f3c47718dd64c893a7b954014cd3af44"
2025-10-31T09:24:28.536949Z  INFO tailwindcss_oxide::scanner: Reading "/var/www/.npm/_cacache/content-v2/sha512/26/3e/5af515287b9adaf8c13211190328bc135d5bbab3768008fe759e47e72bdc094eb6820bc20c7b7b2739f00b92b8d361dd86d55884d612028f47d9ec02c13c"
2025-10-31T09:24:28.548947Z  INFO tailwindcss_oxide::scanner: Reading "/var/www/.npm/_cacache/content-v2/sha512/ad/1a/2600aede2242feb4763460fc5b7390eb6b6817948eb71cbfafd4f762d5adec0beb494dc16b1d7f84f3ab2e960017788eeb4b30d884f49e1c78ea161a9f79"
2025-10-31T09:24:28.570766Z  INFO extract_candidates:read_all_files: tailwindcss_oxide::scanner: exit
2025-10-31T09:24:28.572146Z  INFO extract_candidates:parse_all_blobs: tailwindcss_oxide::scanner: enter
2025-10-31T09:24:28.573346Z  INFO extract_candidates:parse_all_blobs:extract: tailwindcss_oxide::scanner: enter
2025-10-31T09:24:28.633934Z  INFO extract_candidates:parse_all_blobs:extract: tailwindcss_oxide::scanner: exit
2025-10-31T09:24:28.637834Z  INFO extract_candidates:parse_all_blobs: tailwindcss_oxide::scanner: exit
2025-10-31T09:24:28.641427Z  INFO extract_candidates:read_all_files: tailwindcss_oxide::scanner: enter
2025-10-31T09:24:28.644351Z  INFO extract_candidates:read_all_files: tailwindcss_oxide::scanner: Reading 1 file(s)
2025-10-31T09:24:28.666365Z  INFO extract_candidates:read_all_files: tailwindcss_oxide::scanner: Reading "/var/www/resources/css/app.css"
2025-10-31T09:24:28.668775Z  INFO extract_candidates:read_all_files: tailwindcss_oxide::scanner: exit
2025-10-31T09:24:28.669951Z  INFO extract_candidates:extract_css_variables: tailwindcss_oxide::scanner: enter
2025-10-31T09:24:28.673009Z  INFO extract_candidates:extract_css_variables:extract: tailwindcss_oxide::scanner: enter
2025-10-31T09:24:28.677859Z  INFO extract_candidates:extract_css_variables:extract: tailwindcss_oxide::scanner: exit
2025-10-31T09:24:28.679871Z  INFO extract_candidates:extract_css_variables: tailwindcss_oxide::scanner: exit
2025-10-31T09:24:28.712229Z  INFO extract_candidates: tailwindcss_oxide::scanner: exit
2025-10-31T09:24:28.721586Z  INFO get_files: tailwindcss_oxide::scanner: enter
2025-10-31T09:24:28.722627Z  INFO get_files:scan_sources: tailwindcss_oxide::scanner: enter
2025-10-31T09:24:28.771677Z  INFO get_files:scan_sources: tailwindcss_oxide::scanner: Discovering "/var/www/.cache"
2025-10-31T09:24:28.795031Z  INFO get_files:scan_sources: tailwindcss_oxide::scanner: Discovering "/var/www/.cache/composer"
2025-10-31T09:24:28.834263Z  INFO get_files:scan_sources: tailwindcss_oxide::scanner: Discovering "/var/www/.config"
2025-10-31T09:24:28.862226Z  INFO get_files:scan_sources: tailwindcss_oxide::scanner: Discovering "/var/www/.config/composer"
2025-10-31T09:24:28.977947Z  INFO get_files:scan_sources: tailwindcss_oxide::scanner: Discovering "/var/www/.github"
2025-10-31T09:24:29.023793Z  INFO get_files:scan_sources: tailwindcss_oxide::scanner: Discovering "/var/www/.github/workflows"
2025-10-31T09:24:29.084218Z  INFO get_files:scan_sources: tailwindcss_oxide::scanner: Discovering "/var/www/.local"
2025-10-31T09:24:29.105609Z  INFO get_files:scan_sources: tailwindcss_oxide::scanner: Discovering "/var/www/.local/share"
2025-10-31T09:24:29.126251Z  INFO get_files:scan_sources: tailwindcss_oxide::scanner: Discovering "/var/www/.local/share/composer"
2025-10-31T09:24:29.165691Z  INFO get_files:scan_sources: tailwindcss_oxide::scanner: Discovering "/var/www/.npm"
2025-10-31T09:24:29.183052Z  INFO get_files:scan_sources: tailwindcss_oxide::scanner: Discovering "/var/www/.npm/_cacache"
2025-10-31T09:24:29.199822Z  INFO get_files:scan_sources: tailwindcss_oxide::scanner: Discovering "/var/www/.npm/_cacache/content-v2"
2025-10-31T09:24:29.214261Z  INFO get_files:scan_sources: tailwindcss_oxide::scanner: Discovering "/var/www/.npm/_cacache/content-v2/sha512"
2025-10-31T09:24:29.233469Z  INFO get_files:scan_sources: tailwindcss_oxide::scanner: Discovering "/var/www/.npm/_cacache/content-v2/sha512/01"
2025-10-31T09:24:29.250920Z  INFO get_files:scan_sources: tailwindcss_oxide::scanner: Discovering "/var/www/.npm/_cacache/content-v2/sha512/01/21"
2025-10-31T09:24:29.288722Z  INFO get_files:scan_sources: tailwindcss_oxide::scanner: Discovering "/var/www/.npm/_cacache/content-v2/sha512/01/e7"
2025-10-31T09:24:29.327266Z  INFO get_files:scan_sources: tailwindcss_oxide::scanner: Discovering "/var/www/.npm/_cacache/content-v2/sha512/0a"
2025-10-31T09:24:29.345522Z  INFO get_files:scan_sources: tailwindcss_oxide::scanner: Discovering "/var/www/.npm/_cacache/content-v2/sha512/0a/b6"
2025-10-31T09:24:29.381129Z  INFO get_files:scan_sources: tailwindcss_oxide::scanner: Discovering "/var/www/.npm/_cacache/content-v2/sha512/0e"
2025-10-31T09:24:29.395519Z  INFO get_files:scan_sources: tailwindcss_oxide::scanner: Discovering "/var/www/.npm/_cacache/content-v2/sha512/0e/ad"
2025-10-31T09:24:29.431295Z  INFO get_files:scan_sources: tailwindcss_oxide::scanner: Discovering "/var/www/.npm/_cacache/content-v2/sha512/13"
2025-10-31T09:24:29.444398Z  INFO get_files:scan_sources: tailwindcss_oxide::scanner: Discovering "/var/www/.npm/_cacache/content-v2/sha512/13/2a"
2025-10-31T09:24:29.477369Z  INFO get_files:scan_sources: tailwindcss_oxide::scanner: Discovering "/var/www/.npm/_cacache/content-v2/sha512/26"
2025-10-31T09:24:29.490312Z  INFO get_files:scan_sources: tailwindcss_oxide::scanner: Discovering "/var/www/.npm/_cacache/content-v2/sha512/26/3e"
2025-10-31T09:24:29.521597Z  INFO get_files:scan_sources: tailwindcss_oxide::scanner: Discovering "/var/www/.npm/_cacache/content-v2/sha512/37"
2025-10-31T09:24:29.535492Z  INFO get_files:scan_sources: tailwindcss_oxide::scanner: Discovering "/var/www/.npm/_cacache/content-v2/sha512/37/f2"
2025-10-31T09:24:29.562127Z  INFO get_files:scan_sources: tailwindcss_oxide::scanner: Discovering "/var/www/.npm/_cacache/content-v2/sha512/42"
2025-10-31T09:24:29.577563Z  INFO get_files:scan_sources: tailwindcss_oxide::scanner: Discovering "/var/www/.npm/_cacache/content-v2/sha512/42/44"
2025-10-31T09:24:29.610848Z  INFO get_files:scan_sources: tailwindcss_oxide::scanner: Discovering "/var/www/.npm/_cacache/content-v2/sha512/42/e1"
2025-10-31T09:24:29.639494Z  INFO get_files:scan_sources: tailwindcss_oxide::scanner: Discovering "/var/www/.npm/_cacache/content-v2/sha512/4e"
2025-10-31T09:24:29.659027Z  INFO get_files:scan_sources: tailwindcss_oxide::scanner: Discovering "/var/www/.npm/_cacache/content-v2/sha512/4e/3c"
2025-10-31T09:24:29.687189Z  INFO get_files:scan_sources: tailwindcss_oxide::scanner: Discovering "/var/www/.npm/_cacache/content-v2/sha512/60"
2025-10-31T09:24:29.703582Z  INFO get_files:scan_sources: tailwindcss_oxide::scanner: Discovering "/var/www/.npm/_cacache/content-v2/sha512/60/6e"
2025-10-31T09:24:29.746442Z  INFO get_files:scan_sources: tailwindcss_oxide::scanner: Discovering "/var/www/.npm/_cacache/content-v2/sha512/61"
2025-10-31T09:24:29.773489Z  INFO get_files:scan_sources: tailwindcss_oxide::scanner: Discovering "/var/www/.npm/_cacache/content-v2/sha512/61/6e"
2025-10-31T09:24:29.831341Z  INFO get_files:scan_sources: tailwindcss_oxide::scanner: Discovering "/var/www/.npm/_cacache/content-v2/sha512/6a"
2025-10-31T09:24:29.865944Z  INFO get_files:scan_sources: tailwindcss_oxide::scanner: Discovering "/var/www/.npm/_cacache/content-v2/sha512/6a/84"
2025-10-31T09:24:29.922742Z  INFO get_files:scan_sources: tailwindcss_oxide::scanner: Discovering "/var/www/.npm/_cacache/content-v2/sha512/6d"
2025-10-31T09:24:29.950719Z  INFO get_files:scan_sources: tailwindcss_oxide::scanner: Discovering "/var/www/.npm/_cacache/content-v2/sha512/6d/fc"
2025-10-31T09:24:29.989227Z  INFO get_files:scan_sources: tailwindcss_oxide::scanner: Discovering "/var/www/.npm/_cacache/content-v2/sha512/7b"
2025-10-31T09:24:30.003999Z  INFO get_files:scan_sources: tailwindcss_oxide::scanner: Discovering "/var/www/.npm/_cacache/content-v2/sha512/7b/70"
2025-10-31T09:24:30.057876Z  INFO get_files:scan_sources: tailwindcss_oxide::scanner: Discovering "/var/www/.npm/_cacache/content-v2/sha512/81"
2025-10-31T09:24:30.078572Z  INFO get_files:scan_sources: tailwindcss_oxide::scanner: Discovering "/var/www/.npm/_cacache/content-v2/sha512/81/f0"
2025-10-31T09:24:30.119998Z  INFO get_files:scan_sources: tailwindcss_oxide::scanner: Discovering "/var/www/.npm/_cacache/content-v2/sha512/a6"
2025-10-31T09:24:30.143386Z  INFO get_files:scan_sources: tailwindcss_oxide::scanner: Discovering "/var/www/.npm/_cacache/content-v2/sha512/a6/25"
2025-10-31T09:24:30.179934Z  INFO get_files:scan_sources: tailwindcss_oxide::scanner: Discovering "/var/www/.npm/_cacache/content-v2/sha512/a7"
2025-10-31T09:24:30.203177Z  INFO get_files:scan_sources: tailwindcss_oxide::scanner: Discovering "/var/www/.npm/_cacache/content-v2/sha512/a7/da"
2025-10-31T09:24:30.233444Z  INFO get_files:scan_sources: tailwindcss_oxide::scanner: Discovering "/var/www/.npm/_cacache/content-v2/sha512/ad"
2025-10-31T09:24:30.249041Z  INFO get_files:scan_sources: tailwindcss_oxide::scanner: Discovering "/var/www/.npm/_cacache/content-v2/sha512/ad/1a"
2025-10-31T09:24:30.273352Z  INFO get_files:scan_sources: tailwindcss_oxide::scanner: Discovering "/var/www/.npm/_cacache/content-v2/sha512/b9"
2025-10-31T09:24:30.286010Z  INFO get_files:scan_sources: tailwindcss_oxide::scanner: Discovering "/var/www/.npm/_cacache/content-v2/sha512/b9/a0"
2025-10-31T09:24:30.312892Z  INFO get_files:scan_sources: tailwindcss_oxide::scanner: Discovering "/var/www/.npm/_cacache/content-v2/sha512/e1"
2025-10-31T09:24:30.326441Z  INFO get_files:scan_sources: tailwindcss_oxide::scanner: Discovering "/var/www/.npm/_cacache/content-v2/sha512/e1/8d"
2025-10-31T09:24:30.357402Z  INFO get_files:scan_sources: tailwindcss_oxide::scanner: Discovering "/var/www/.npm/_cacache/content-v2/sha512/ee"
2025-10-31T09:24:30.380109Z  INFO get_files:scan_sources: tailwindcss_oxide::scanner: Discovering "/var/www/.npm/_cacache/content-v2/sha512/ee/45"
2025-10-31T09:24:30.422063Z  INFO get_files:scan_sources: tailwindcss_oxide::scanner: Discovering "/var/www/.npm/_cacache/index-v5"
2025-10-31T09:24:30.436562Z  INFO get_files:scan_sources: tailwindcss_oxide::scanner: Discovering "/var/www/.npm/_cacache/index-v5/29"
2025-10-31T09:24:30.458673Z  INFO get_files:scan_sources: tailwindcss_oxide::scanner: Discovering "/var/www/.npm/_cacache/index-v5/29/f3"
2025-10-31T09:24:30.520801Z  INFO get_files:scan_sources: tailwindcss_oxide::scanner: Discovering "/var/www/.npm/_cacache/index-v5/45"
2025-10-31T09:24:30.549907Z  INFO get_files:scan_sources: tailwindcss_oxide::scanner: Discovering "/var/www/.npm/_cacache/index-v5/45/e2"
2025-10-31T09:24:30.599822Z  INFO get_files:scan_sources: tailwindcss_oxide::scanner: Discovering "/var/www/.npm/_cacache/index-v5/4f"
2025-10-31T09:24:30.615751Z  INFO get_files:scan_sources: tailwindcss_oxide::scanner: Discovering "/var/www/.npm/_cacache/index-v5/4f/e3"
2025-10-31T09:24:30.659287Z  INFO get_files:scan_sources: tailwindcss_oxide::scanner: Discovering "/var/www/.npm/_cacache/index-v5/54"
2025-10-31T09:24:30.685816Z  INFO get_files:scan_sources: tailwindcss_oxide::scanner: Discovering "/var/www/.npm/_cacache/index-v5/54/ad"
2025-10-31T09:24:30.743656Z  INFO get_files:scan_sources: tailwindcss_oxide::scanner: Discovering "/var/www/.npm/_cacache/index-v5/6b"
2025-10-31T09:24:30.765899Z  INFO get_files:scan_sources: tailwindcss_oxide::scanner: Discovering "/var/www/.npm/_cacache/index-v5/6b/29"
2025-10-31T09:24:30.823880Z  INFO get_files:scan_sources: tailwindcss_oxide::scanner: Discovering "/var/www/.npm/_cacache/index-v5/72"
2025-10-31T09:24:30.847227Z  INFO get_files:scan_sources: tailwindcss_oxide::scanner: Discovering "/var/www/.npm/_cacache/index-v5/72/03"
2025-10-31T09:24:30.888244Z  INFO get_files:scan_sources: tailwindcss_oxide::scanner: Discovering "/var/www/.npm/_cacache/index-v5/74"
2025-10-31T09:24:30.904792Z  INFO get_files:scan_sources: tailwindcss_oxide::scanner: Discovering "/var/www/.npm/_cacache/index-v5/74/7d"
2025-10-31T09:24:30.950299Z  INFO get_files:scan_sources: tailwindcss_oxide::scanner: Discovering "/var/www/.npm/_cacache/index-v5/7c"
2025-10-31T09:24:30.969651Z  INFO get_files:scan_sources: tailwindcss_oxide::scanner: Discovering "/var/www/.npm/_cacache/index-v5/7c/22"
2025-10-31T09:24:31.032056Z  INFO get_files:scan_sources: tailwindcss_oxide::scanner: Discovering "/var/www/.npm/_cacache/index-v5/81"
2025-10-31T09:24:31.062535Z  INFO get_files:scan_sources: tailwindcss_oxide::scanner: Discovering "/var/www/.npm/_cacache/index-v5/81/f2"
2025-10-31T09:24:31.101070Z  INFO get_files:scan_sources: tailwindcss_oxide::scanner: Discovering "/var/www/.npm/_cacache/index-v5/91"
2025-10-31T09:24:31.121477Z  INFO get_files:scan_sources: tailwindcss_oxide::scanner: Discovering "/var/www/.npm/_cacache/index-v5/91/d2"
2025-10-31T09:24:31.161561Z  INFO get_files:scan_sources: tailwindcss_oxide::scanner: Discovering "/var/www/.npm/_cacache/index-v5/95"
2025-10-31T09:24:31.176135Z  INFO get_files:scan_sources: tailwindcss_oxide::scanner: Discovering "/var/www/.npm/_cacache/index-v5/95/75"
2025-10-31T09:24:31.218306Z  INFO get_files:scan_sources: tailwindcss_oxide::scanner: Discovering "/var/www/.npm/_cacache/index-v5/95/ce"
2025-10-31T09:24:31.253368Z  INFO get_files:scan_sources: tailwindcss_oxide::scanner: Discovering "/var/www/.npm/_cacache/index-v5/98"
2025-10-31T09:24:31.277628Z  INFO get_files:scan_sources: tailwindcss_oxide::scanner: Discovering "/var/www/.npm/_cacache/index-v5/98/27"
2025-10-31T09:24:31.324361Z  INFO get_files:scan_sources: tailwindcss_oxide::scanner: Discovering "/var/www/.npm/_cacache/index-v5/98/7f"
2025-10-31T09:24:31.389667Z  INFO get_files:scan_sources: tailwindcss_oxide::scanner: Discovering "/var/www/.npm/_cacache/index-v5/b4"
2025-10-31T09:24:31.419282Z  INFO get_files:scan_sources: tailwindcss_oxide::scanner: Discovering "/var/www/.npm/_cacache/index-v5/b4/17"
2025-10-31T09:24:31.479540Z  INFO get_files:scan_sources: tailwindcss_oxide::scanner: Discovering "/var/www/.npm/_cacache/index-v5/b4/2a"
2025-10-31T09:24:31.534674Z  INFO get_files:scan_sources: tailwindcss_oxide::scanner: Discovering "/var/www/.npm/_cacache/index-v5/c0"
2025-10-31T09:24:31.564108Z  INFO get_files:scan_sources: tailwindcss_oxide::scanner: Discovering "/var/www/.npm/_cacache/index-v5/c0/c0"
2025-10-31T09:24:31.617737Z  INFO get_files:scan_sources: tailwindcss_oxide::scanner: Discovering "/var/www/.npm/_cacache/index-v5/cd"
2025-10-31T09:24:31.640079Z  INFO get_files:scan_sources: tailwindcss_oxide::scanner: Discovering "/var/www/.npm/_cacache/index-v5/cd/8f"
2025-10-31T09:24:31.688009Z  INFO get_files:scan_sources: tailwindcss_oxide::scanner: Discovering "/var/www/.npm/_cacache/index-v5/d4"
2025-10-31T09:24:31.705794Z  INFO get_files:scan_sources: tailwindcss_oxide::scanner: Discovering "/var/www/.npm/_cacache/index-v5/d4/44"
2025-10-31T09:24:31.739564Z  INFO get_files:scan_sources: tailwindcss_oxide::scanner: Discovering "/var/www/.npm/_cacache/index-v5/dc"
2025-10-31T09:24:31.769285Z  INFO get_files:scan_sources: tailwindcss_oxide::scanner: Discovering "/var/www/.npm/_cacache/index-v5/dc/51"
2025-10-31T09:24:31.817540Z  INFO get_files:scan_sources: tailwindcss_oxide::scanner: Discovering "/var/www/.npm/_cacache/index-v5/dc/cf"
2025-10-31T09:24:31.872145Z  INFO get_files:scan_sources: tailwindcss_oxide::scanner: Discovering "/var/www/.npm/_cacache/index-v5/e7"
2025-10-31T09:24:31.896084Z  INFO get_files:scan_sources: tailwindcss_oxide::scanner: Discovering "/var/www/.npm/_cacache/index-v5/e7/f7"
2025-10-31T09:24:31.949916Z  INFO get_files:scan_sources: tailwindcss_oxide::scanner: Discovering "/var/www/.npm/_cacache/tmp"
2025-10-31T09:24:31.980254Z  INFO get_files:scan_sources: tailwindcss_oxide::scanner: Discovering "/var/www/.npm/_logs"
2025-10-31T09:24:32.049409Z  INFO get_files:scan_sources: tailwindcss_oxide::scanner: Discovering "/var/www/app"
2025-10-31T09:24:32.066944Z  INFO get_files:scan_sources: tailwindcss_oxide::scanner: Discovering "/var/www/app/Http"
2025-10-31T09:24:32.086188Z  INFO get_files:scan_sources: tailwindcss_oxide::scanner: Discovering "/var/www/app/Http/Controllers"
2025-10-31T09:24:32.136941Z  INFO get_files:scan_sources: tailwindcss_oxide::scanner: Discovering "/var/www/app/Http/Middleware"
2025-10-31T09:24:32.186895Z  INFO get_files:scan_sources: tailwindcss_oxide::scanner: Discovering "/var/www/app/Models"
2025-10-31T09:24:32.234596Z  INFO get_files:scan_sources: tailwindcss_oxide::scanner: Discovering "/var/www/app/Providers"
2025-10-31T09:24:32.271978Z  INFO get_files:scan_sources: tailwindcss_oxide::scanner: Discovering "/var/www/app/Services"
2025-10-31T09:24:32.317403Z  INFO get_files:scan_sources: tailwindcss_oxide::scanner: Discovering "/var/www/bootstrap"
2025-10-31T09:24:32.360814Z  INFO get_files:scan_sources: tailwindcss_oxide::scanner: Discovering "/var/www/bootstrap/cache"
2025-10-31T09:24:32.441625Z  INFO get_files:scan_sources: tailwindcss_oxide::scanner: Discovering "/var/www/config"
2025-10-31T09:24:32.568812Z  INFO get_files:scan_sources: tailwindcss_oxide::scanner: Discovering "/var/www/database"
2025-10-31T09:24:32.618432Z  INFO get_files:scan_sources: tailwindcss_oxide::scanner: Discovering "/var/www/database/factories"
2025-10-31T09:24:32.668934Z  INFO get_files:scan_sources: tailwindcss_oxide::scanner: Discovering "/var/www/database/migrations"
2025-10-31T09:24:32.771856Z  INFO get_files:scan_sources: tailwindcss_oxide::scanner: Discovering "/var/www/database/seeders"
2025-10-31T09:24:32.854096Z  INFO get_files:scan_sources: tailwindcss_oxide::scanner: Discovering "/var/www/docker"
2025-10-31T09:24:32.879814Z  INFO get_files:scan_sources: tailwindcss_oxide::scanner: Discovering "/var/www/docker/nginx"
2025-10-31T09:24:33.043256Z  INFO get_files:scan_sources: tailwindcss_oxide::scanner: Discovering "/var/www/public"
2025-10-31T09:24:33.158913Z  INFO get_files:scan_sources: tailwindcss_oxide::scanner: Discovering "/var/www/resources"
2025-10-31T09:24:33.182990Z  INFO get_files:scan_sources: tailwindcss_oxide::scanner: Discovering "/var/www/resources/css"
2025-10-31T09:24:33.221552Z  INFO get_files:scan_sources: tailwindcss_oxide::scanner: Discovering "/var/www/resources/js"
2025-10-31T09:24:33.273650Z  INFO get_files:scan_sources: tailwindcss_oxide::scanner: Discovering "/var/www/resources/js/lib"
2025-10-31T09:24:33.312921Z  INFO get_files:scan_sources: tailwindcss_oxide::scanner: Discovering "/var/www/resources/js/pages"
2025-10-31T09:24:33.440638Z  INFO get_files:scan_sources: tailwindcss_oxide::scanner: Discovering "/var/www/resources/js/types"
2025-10-31T09:24:33.511577Z  INFO get_files:scan_sources: tailwindcss_oxide::scanner: Discovering "/var/www/resources/views"
2025-10-31T09:24:33.565238Z  INFO get_files:scan_sources: tailwindcss_oxide::scanner: Discovering "/var/www/routes"
2025-10-31T09:24:33.636190Z  INFO get_files:scan_sources: tailwindcss_oxide::scanner: Discovering "/var/www/storage"
2025-10-31T09:24:33.658719Z  INFO get_files:scan_sources: tailwindcss_oxide::scanner: Discovering "/var/www/storage/app"
2025-10-31T09:24:33.697384Z  INFO get_files:scan_sources: tailwindcss_oxide::scanner: Discovering "/var/www/storage/app/private"
2025-10-31T09:24:33.740291Z  INFO get_files:scan_sources: tailwindcss_oxide::scanner: Discovering "/var/www/storage/app/public"
2025-10-31T09:24:33.792697Z  INFO get_files:scan_sources: tailwindcss_oxide::scanner: Discovering "/var/www/storage/framework"
2025-10-31T09:24:33.829194Z  INFO get_files:scan_sources: tailwindcss_oxide::scanner: Discovering "/var/www/storage/framework/cache"
2025-10-31T09:24:33.861007Z  INFO get_files:scan_sources: tailwindcss_oxide::scanner: Discovering "/var/www/storage/framework/cache/data"
2025-10-31T09:24:33.904503Z  INFO get_files:scan_sources: tailwindcss_oxide::scanner: Discovering "/var/www/storage/framework/sessions"
2025-10-31T09:24:33.934804Z  INFO get_files:scan_sources: tailwindcss_oxide::scanner: Discovering "/var/www/storage/framework/testing"
2025-10-31T09:24:33.963745Z  INFO get_files:scan_sources: tailwindcss_oxide::scanner: Discovering "/var/www/storage/framework/views"
2025-10-31T09:24:34.006124Z  INFO get_files:scan_sources: tailwindcss_oxide::scanner: Discovering "/var/www/storage/logs"
2025-10-31T09:24:34.057635Z  INFO get_files:scan_sources: tailwindcss_oxide::scanner: Discovering "/var/www/tests"
2025-10-31T09:24:34.069355Z  INFO get_files:scan_sources: tailwindcss_oxide::scanner: Discovering "/var/www/tests/Feature"
2025-10-31T09:24:34.118645Z  INFO get_files:scan_sources: tailwindcss_oxide::scanner: Discovering "/var/www/tests/Unit"
2025-10-31T09:24:34.576426Z  INFO get_files:scan_sources: tailwindcss_oxide::scanner: exit
2025-10-31T09:24:34.581154Z  INFO get_files: tailwindcss_oxide::scanner: exit
2025-10-31T09:24:34.582965Z  INFO get_globs: tailwindcss_oxide::scanner: enter
2025-10-31T09:24:34.583817Z  INFO get_globs:scan_sources: tailwindcss_oxide::scanner: enter
2025-10-31T09:24:34.627146Z  INFO get_globs:scan_sources: tailwindcss_oxide::scanner: Discovering "/var/www/.cache"
2025-10-31T09:24:34.645673Z  INFO get_globs:scan_sources: tailwindcss_oxide::scanner: Discovering "/var/www/.cache/composer"
2025-10-31T09:24:34.685040Z  INFO get_globs:scan_sources: tailwindcss_oxide::scanner: Discovering "/var/www/.config"
2025-10-31T09:24:34.703083Z  INFO get_globs:scan_sources: tailwindcss_oxide::scanner: Discovering "/var/www/.config/composer"
2025-10-31T09:24:34.769735Z  INFO get_globs:scan_sources: tailwindcss_oxide::scanner: Discovering "/var/www/.github"
2025-10-31T09:24:34.785223Z  INFO get_globs:scan_sources: tailwindcss_oxide::scanner: Discovering "/var/www/.github/workflows"
2025-10-31T09:24:34.821698Z  INFO get_globs:scan_sources: tailwindcss_oxide::scanner: Discovering "/var/www/.local"
2025-10-31T09:24:34.837383Z  INFO get_globs:scan_sources: tailwindcss_oxide::scanner: Discovering "/var/www/.local/share"
2025-10-31T09:24:34.850368Z  INFO get_globs:scan_sources: tailwindcss_oxide::scanner: Discovering "/var/www/.local/share/composer"
2025-10-31T09:24:34.885610Z  INFO get_globs:scan_sources: tailwindcss_oxide::scanner: Discovering "/var/www/.npm"
2025-10-31T09:24:34.897454Z  INFO get_globs:scan_sources: tailwindcss_oxide::scanner: Discovering "/var/www/.npm/_cacache"
2025-10-31T09:24:34.915152Z  INFO get_globs:scan_sources: tailwindcss_oxide::scanner: Discovering "/var/www/.npm/_cacache/content-v2"
2025-10-31T09:24:34.933613Z  INFO get_globs:scan_sources: tailwindcss_oxide::scanner: Discovering "/var/www/.npm/_cacache/content-v2/sha512"
2025-10-31T09:24:34.944463Z  INFO get_globs:scan_sources: tailwindcss_oxide::scanner: Discovering "/var/www/.npm/_cacache/content-v2/sha512/01"
2025-10-31T09:24:34.961438Z  INFO get_globs:scan_sources: tailwindcss_oxide::scanner: Discovering "/var/www/.npm/_cacache/content-v2/sha512/01/21"
2025-10-31T09:24:34.988592Z  INFO get_globs:scan_sources: tailwindcss_oxide::scanner: Discovering "/var/www/.npm/_cacache/content-v2/sha512/01/e7"
2025-10-31T09:24:35.028212Z  INFO get_globs:scan_sources: tailwindcss_oxide::scanner: Discovering "/var/www/.npm/_cacache/content-v2/sha512/0a"
2025-10-31T09:24:35.046365Z  INFO get_globs:scan_sources: tailwindcss_oxide::scanner: Discovering "/var/www/.npm/_cacache/content-v2/sha512/0a/b6"
2025-10-31T09:24:35.084581Z  INFO get_globs:scan_sources: tailwindcss_oxide::scanner: Discovering "/var/www/.npm/_cacache/content-v2/sha512/0e"
2025-10-31T09:24:35.104144Z  INFO get_globs:scan_sources: tailwindcss_oxide::scanner: Discovering "/var/www/.npm/_cacache/content-v2/sha512/0e/ad"
2025-10-31T09:24:35.137255Z  INFO get_globs:scan_sources: tailwindcss_oxide::scanner: Discovering "/var/www/.npm/_cacache/content-v2/sha512/13"
2025-10-31T09:24:35.156053Z  INFO get_globs:scan_sources: tailwindcss_oxide::scanner: Discovering "/var/www/.npm/_cacache/content-v2/sha512/13/2a"
2025-10-31T09:24:35.193324Z  INFO get_globs:scan_sources: tailwindcss_oxide::scanner: Discovering "/var/www/.npm/_cacache/content-v2/sha512/26"
2025-10-31T09:24:35.224919Z  INFO get_globs:scan_sources: tailwindcss_oxide::scanner: Discovering "/var/www/.npm/_cacache/content-v2/sha512/26/3e"
2025-10-31T09:24:35.297343Z  INFO get_globs:scan_sources: tailwindcss_oxide::scanner: Discovering "/var/www/.npm/_cacache/content-v2/sha512/37"
2025-10-31T09:24:35.326306Z  INFO get_globs:scan_sources: tailwindcss_oxide::scanner: Discovering "/var/www/.npm/_cacache/content-v2/sha512/37/f2"
2025-10-31T09:24:35.396712Z  INFO get_globs:scan_sources: tailwindcss_oxide::scanner: Discovering "/var/www/.npm/_cacache/content-v2/sha512/42"
2025-10-31T09:24:35.427534Z  INFO get_globs:scan_sources: tailwindcss_oxide::scanner: Discovering "/var/www/.npm/_cacache/content-v2/sha512/42/44"
2025-10-31T09:24:35.481978Z  INFO get_globs:scan_sources: tailwindcss_oxide::scanner: Discovering "/var/www/.npm/_cacache/content-v2/sha512/42/e1"
2025-10-31T09:24:35.533462Z  INFO get_globs:scan_sources: tailwindcss_oxide::scanner: Discovering "/var/www/.npm/_cacache/content-v2/sha512/4e"
2025-10-31T09:24:35.562592Z  INFO get_globs:scan_sources: tailwindcss_oxide::scanner: Discovering "/var/www/.npm/_cacache/content-v2/sha512/4e/3c"
2025-10-31T09:24:35.616708Z  INFO get_globs:scan_sources: tailwindcss_oxide::scanner: Discovering "/var/www/.npm/_cacache/content-v2/sha512/60"
2025-10-31T09:24:35.652170Z  INFO get_globs:scan_sources: tailwindcss_oxide::scanner: Discovering "/var/www/.npm/_cacache/content-v2/sha512/60/6e"
2025-10-31T09:24:35.703744Z  INFO get_globs:scan_sources: tailwindcss_oxide::scanner: Discovering "/var/www/.npm/_cacache/content-v2/sha512/61"
2025-10-31T09:24:35.741339Z  INFO get_globs:scan_sources: tailwindcss_oxide::scanner: Discovering "/var/www/.npm/_cacache/content-v2/sha512/61/6e"
2025-10-31T09:24:35.794013Z  INFO get_globs:scan_sources: tailwindcss_oxide::scanner: Discovering "/var/www/.npm/_cacache/content-v2/sha512/6a"
2025-10-31T09:24:35.820803Z  INFO get_globs:scan_sources: tailwindcss_oxide::scanner: Discovering "/var/www/.npm/_cacache/content-v2/sha512/6a/84"
2025-10-31T09:24:35.869623Z  INFO get_globs:scan_sources: tailwindcss_oxide::scanner: Discovering "/var/www/.npm/_cacache/content-v2/sha512/6d"
2025-10-31T09:24:35.888983Z  INFO get_globs:scan_sources: tailwindcss_oxide::scanner: Discovering "/var/www/.npm/_cacache/content-v2/sha512/6d/fc"
2025-10-31T09:24:35.920744Z  INFO get_globs:scan_sources: tailwindcss_oxide::scanner: Discovering "/var/www/.npm/_cacache/content-v2/sha512/7b"
2025-10-31T09:24:35.938192Z  INFO get_globs:scan_sources: tailwindcss_oxide::scanner: Discovering "/var/www/.npm/_cacache/content-v2/sha512/7b/70"
2025-10-31T09:24:35.968891Z  INFO get_globs:scan_sources: tailwindcss_oxide::scanner: Discovering "/var/www/.npm/_cacache/content-v2/sha512/81"
2025-10-31T09:24:35.986929Z  INFO get_globs:scan_sources: tailwindcss_oxide::scanner: Discovering "/var/www/.npm/_cacache/content-v2/sha512/81/f0"
2025-10-31T09:24:36.022297Z  INFO get_globs:scan_sources: tailwindcss_oxide::scanner: Discovering "/var/www/.npm/_cacache/content-v2/sha512/a6"
2025-10-31T09:24:36.046303Z  INFO get_globs:scan_sources: tailwindcss_oxide::scanner: Discovering "/var/www/.npm/_cacache/content-v2/sha512/a6/25"
2025-10-31T09:24:36.078329Z  INFO get_globs:scan_sources: tailwindcss_oxide::scanner: Discovering "/var/www/.npm/_cacache/content-v2/sha512/a7"
2025-10-31T09:24:36.099150Z  INFO get_globs:scan_sources: tailwindcss_oxide::scanner: Discovering "/var/www/.npm/_cacache/content-v2/sha512/a7/da"
2025-10-31T09:24:36.134100Z  INFO get_globs:scan_sources: tailwindcss_oxide::scanner: Discovering "/var/www/.npm/_cacache/content-v2/sha512/ad"
2025-10-31T09:24:36.155578Z  INFO get_globs:scan_sources: tailwindcss_oxide::scanner: Discovering "/var/www/.npm/_cacache/content-v2/sha512/ad/1a"
2025-10-31T09:24:36.197529Z  INFO get_globs:scan_sources: tailwindcss_oxide::scanner: Discovering "/var/www/.npm/_cacache/content-v2/sha512/b9"
2025-10-31T09:24:36.219220Z  INFO get_globs:scan_sources: tailwindcss_oxide::scanner: Discovering "/var/www/.npm/_cacache/content-v2/sha512/b9/a0"
2025-10-31T09:24:36.258550Z  INFO get_globs:scan_sources: tailwindcss_oxide::scanner: Discovering "/var/www/.npm/_cacache/content-v2/sha512/e1"
2025-10-31T09:24:36.277067Z  INFO get_globs:scan_sources: tailwindcss_oxide::scanner: Discovering "/var/www/.npm/_cacache/content-v2/sha512/e1/8d"
2025-10-31T09:24:36.305857Z  INFO get_globs:scan_sources: tailwindcss_oxide::scanner: Discovering "/var/www/.npm/_cacache/content-v2/sha512/ee"
2025-10-31T09:24:36.332234Z  INFO get_globs:scan_sources: tailwindcss_oxide::scanner: Discovering "/var/www/.npm/_cacache/content-v2/sha512/ee/45"
2025-10-31T09:24:36.403051Z  INFO get_globs:scan_sources: tailwindcss_oxide::scanner: Discovering "/var/www/.npm/_cacache/index-v5"
2025-10-31T09:24:36.434474Z  INFO get_globs:scan_sources: tailwindcss_oxide::scanner: Discovering "/var/www/.npm/_cacache/index-v5/29"
2025-10-31T09:24:36.459177Z  INFO get_globs:scan_sources: tailwindcss_oxide::scanner: Discovering "/var/www/.npm/_cacache/index-v5/29/f3"
2025-10-31T09:24:36.501005Z  INFO get_globs:scan_sources: tailwindcss_oxide::scanner: Discovering "/var/www/.npm/_cacache/index-v5/45"
2025-10-31T09:24:36.523817Z  INFO get_globs:scan_sources: tailwindcss_oxide::scanner: Discovering "/var/www/.npm/_cacache/index-v5/45/e2"
2025-10-31T09:24:36.567575Z  INFO get_globs:scan_sources: tailwindcss_oxide::scanner: Discovering "/var/www/.npm/_cacache/index-v5/4f"
2025-10-31T09:24:36.591903Z  INFO get_globs:scan_sources: tailwindcss_oxide::scanner: Discovering "/var/www/.npm/_cacache/index-v5/4f/e3"
2025-10-31T09:24:36.644127Z  INFO get_globs:scan_sources: tailwindcss_oxide::scanner: Discovering "/var/www/.npm/_cacache/index-v5/54"
2025-10-31T09:24:36.666310Z  INFO get_globs:scan_sources: tailwindcss_oxide::scanner: Discovering "/var/www/.npm/_cacache/index-v5/54/ad"
2025-10-31T09:24:36.735266Z  INFO get_globs:scan_sources: tailwindcss_oxide::scanner: Discovering "/var/www/.npm/_cacache/index-v5/6b"
2025-10-31T09:24:36.760916Z  INFO get_globs:scan_sources: tailwindcss_oxide::scanner: Discovering "/var/www/.npm/_cacache/index-v5/6b/29"
2025-10-31T09:24:36.810508Z  INFO get_globs:scan_sources: tailwindcss_oxide::scanner: Discovering "/var/www/.npm/_cacache/index-v5/72"
2025-10-31T09:24:36.832389Z  INFO get_globs:scan_sources: tailwindcss_oxide::scanner: Discovering "/var/www/.npm/_cacache/index-v5/72/03"
2025-10-31T09:24:36.892789Z  INFO get_globs:scan_sources: tailwindcss_oxide::scanner: Discovering "/var/www/.npm/_cacache/index-v5/74"
2025-10-31T09:24:36.914069Z  INFO get_globs:scan_sources: tailwindcss_oxide::scanner: Discovering "/var/www/.npm/_cacache/index-v5/74/7d"
2025-10-31T09:24:36.977743Z  INFO get_globs:scan_sources: tailwindcss_oxide::scanner: Discovering "/var/www/.npm/_cacache/index-v5/7c"
2025-10-31T09:24:37.003276Z  INFO get_globs:scan_sources: tailwindcss_oxide::scanner: Discovering "/var/www/.npm/_cacache/index-v5/7c/22"
2025-10-31T09:24:37.065585Z  INFO get_globs:scan_sources: tailwindcss_oxide::scanner: Discovering "/var/www/.npm/_cacache/index-v5/81"
2025-10-31T09:24:37.092078Z  INFO get_globs:scan_sources: tailwindcss_oxide::scanner: Discovering "/var/www/.npm/_cacache/index-v5/81/f2"
2025-10-31T09:24:37.154465Z  INFO get_globs:scan_sources: tailwindcss_oxide::scanner: Discovering "/var/www/.npm/_cacache/index-v5/91"
2025-10-31T09:24:37.177574Z  INFO get_globs:scan_sources: tailwindcss_oxide::scanner: Discovering "/var/www/.npm/_cacache/index-v5/91/d2"
2025-10-31T09:24:37.240392Z  INFO get_globs:scan_sources: tailwindcss_oxide::scanner: Discovering "/var/www/.npm/_cacache/index-v5/95"
2025-10-31T09:24:37.261073Z  INFO get_globs:scan_sources: tailwindcss_oxide::scanner: Discovering "/var/www/.npm/_cacache/index-v5/95/75"
2025-10-31T09:24:37.312036Z  INFO get_globs:scan_sources: tailwindcss_oxide::scanner: Discovering "/var/www/.npm/_cacache/index-v5/95/ce"
2025-10-31T09:24:37.354080Z  INFO get_globs:scan_sources: tailwindcss_oxide::scanner: Discovering "/var/www/.npm/_cacache/index-v5/98"
2025-10-31T09:24:37.380957Z  INFO get_globs:scan_sources: tailwindcss_oxide::scanner: Discovering "/var/www/.npm/_cacache/index-v5/98/27"
2025-10-31T09:24:37.431797Z  INFO get_globs:scan_sources: tailwindcss_oxide::scanner: Discovering "/var/www/.npm/_cacache/index-v5/98/7f"
2025-10-31T09:24:37.506673Z  INFO get_globs:scan_sources: tailwindcss_oxide::scanner: Discovering "/var/www/.npm/_cacache/index-v5/b4"
2025-10-31T09:24:37.536438Z  INFO get_globs:scan_sources: tailwindcss_oxide::scanner: Discovering "/var/www/.npm/_cacache/index-v5/b4/17"
2025-10-31T09:24:37.595517Z  INFO get_globs:scan_sources: tailwindcss_oxide::scanner: Discovering "/var/www/.npm/_cacache/index-v5/b4/2a"
2025-10-31T09:24:37.647595Z  INFO get_globs:scan_sources: tailwindcss_oxide::scanner: Discovering "/var/www/.npm/_cacache/index-v5/c0"
2025-10-31T09:24:37.682491Z  INFO get_globs:scan_sources: tailwindcss_oxide::scanner: Discovering "/var/www/.npm/_cacache/index-v5/c0/c0"
2025-10-31T09:24:37.749020Z  INFO get_globs:scan_sources: tailwindcss_oxide::scanner: Discovering "/var/www/.npm/_cacache/index-v5/cd"
2025-10-31T09:24:37.773414Z  INFO get_globs:scan_sources: tailwindcss_oxide::scanner: Discovering "/var/www/.npm/_cacache/index-v5/cd/8f"
2025-10-31T09:24:37.818761Z  INFO get_globs:scan_sources: tailwindcss_oxide::scanner: Discovering "/var/www/.npm/_cacache/index-v5/d4"
2025-10-31T09:24:37.842857Z  INFO get_globs:scan_sources: tailwindcss_oxide::scanner: Discovering "/var/www/.npm/_cacache/index-v5/d4/44"
2025-10-31T09:24:37.884392Z  INFO get_globs:scan_sources: tailwindcss_oxide::scanner: Discovering "/var/www/.npm/_cacache/index-v5/dc"
2025-10-31T09:24:37.902326Z  INFO get_globs:scan_sources: tailwindcss_oxide::scanner: Discovering "/var/www/.npm/_cacache/index-v5/dc/51"
2025-10-31T09:24:37.949549Z  INFO get_globs:scan_sources: tailwindcss_oxide::scanner: Discovering "/var/www/.npm/_cacache/index-v5/dc/cf"
2025-10-31T09:24:38.009874Z  INFO get_globs:scan_sources: tailwindcss_oxide::scanner: Discovering "/var/www/.npm/_cacache/index-v5/e7"
2025-10-31T09:24:38.030238Z  INFO get_globs:scan_sources: tailwindcss_oxide::scanner: Discovering "/var/www/.npm/_cacache/index-v5/e7/f7"
2025-10-31T09:24:38.083974Z  INFO get_globs:scan_sources: tailwindcss_oxide::scanner: Discovering "/var/www/.npm/_cacache/tmp"
2025-10-31T09:24:38.110386Z  INFO get_globs:scan_sources: tailwindcss_oxide::scanner: Discovering "/var/www/.npm/_logs"
2025-10-31T09:24:38.176755Z  INFO get_globs:scan_sources: tailwindcss_oxide::scanner: Discovering "/var/www/app"
2025-10-31T09:24:38.195029Z  INFO get_globs:scan_sources: tailwindcss_oxide::scanner: Discovering "/var/www/app/Http"
2025-10-31T09:24:38.210286Z  INFO get_globs:scan_sources: tailwindcss_oxide::scanner: Discovering "/var/www/app/Http/Controllers"
2025-10-31T09:24:38.262570Z  INFO get_globs:scan_sources: tailwindcss_oxide::scanner: Discovering "/var/www/app/Http/Middleware"
2025-10-31T09:24:38.309273Z  INFO get_globs:scan_sources: tailwindcss_oxide::scanner: Discovering "/var/www/app/Models"
2025-10-31T09:24:38.350483Z  INFO get_globs:scan_sources: tailwindcss_oxide::scanner: Discovering "/var/www/app/Providers"
2025-10-31T09:24:38.381924Z  INFO get_globs:scan_sources: tailwindcss_oxide::scanner: Discovering "/var/www/app/Services"
2025-10-31T09:24:38.422898Z  INFO get_globs:scan_sources: tailwindcss_oxide::scanner: Discovering "/var/www/bootstrap"
2025-10-31T09:24:38.453000Z  INFO get_globs:scan_sources: tailwindcss_oxide::scanner: Discovering "/var/www/bootstrap/cache"
2025-10-31T09:24:38.505669Z  INFO get_globs:scan_sources: tailwindcss_oxide::scanner: Discovering "/var/www/config"
2025-10-31T09:24:38.613864Z  INFO get_globs:scan_sources: tailwindcss_oxide::scanner: Discovering "/var/www/database"
2025-10-31T09:24:38.663276Z  INFO get_globs:scan_sources: tailwindcss_oxide::scanner: Discovering "/var/www/database/factories"
2025-10-31T09:24:38.707113Z  INFO get_globs:scan_sources: tailwindcss_oxide::scanner: Discovering "/var/www/database/migrations"
2025-10-31T09:24:38.802499Z  INFO get_globs:scan_sources: tailwindcss_oxide::scanner: Discovering "/var/www/database/seeders"
2025-10-31T09:24:38.849734Z  INFO get_globs:scan_sources: tailwindcss_oxide::scanner: Discovering "/var/www/docker"
2025-10-31T09:24:38.863410Z  INFO get_globs:scan_sources: tailwindcss_oxide::scanner: Discovering "/var/www/docker/nginx"
2025-10-31T09:24:38.945513Z  INFO get_globs:scan_sources: tailwindcss_oxide::scanner: Discovering "/var/www/public"
2025-10-31T09:24:39.043050Z  INFO get_globs:scan_sources: tailwindcss_oxide::scanner: Discovering "/var/www/resources"
2025-10-31T09:24:39.059302Z  INFO get_globs:scan_sources: tailwindcss_oxide::scanner: Discovering "/var/www/resources/css"
2025-10-31T09:24:39.090272Z  INFO get_globs:scan_sources: tailwindcss_oxide::scanner: Discovering "/var/www/resources/js"
2025-10-31T09:24:39.138494Z  INFO get_globs:scan_sources: tailwindcss_oxide::scanner: Discovering "/var/www/resources/js/lib"
2025-10-31T09:24:39.165543Z  INFO get_globs:scan_sources: tailwindcss_oxide::scanner: Discovering "/var/www/resources/js/pages"
2025-10-31T09:24:39.257332Z  INFO get_globs:scan_sources: tailwindcss_oxide::scanner: Discovering "/var/www/resources/js/types"
2025-10-31T09:24:39.317134Z  INFO get_globs:scan_sources: tailwindcss_oxide::scanner: Discovering "/var/www/resources/views"
2025-10-31T09:24:39.351228Z  INFO get_globs:scan_sources: tailwindcss_oxide::scanner: Discovering "/var/www/routes"
2025-10-31T09:24:39.396568Z  INFO get_globs:scan_sources: tailwindcss_oxide::scanner: Discovering "/var/www/storage"
2025-10-31T09:24:39.412301Z  INFO get_globs:scan_sources: tailwindcss_oxide::scanner: Discovering "/var/www/storage/app"
2025-10-31T09:24:39.441029Z  INFO get_globs:scan_sources: tailwindcss_oxide::scanner: Discovering "/var/www/storage/app/private"
2025-10-31T09:24:39.477010Z  INFO get_globs:scan_sources: tailwindcss_oxide::scanner: Discovering "/var/www/storage/app/public"
2025-10-31T09:24:39.516062Z  INFO get_globs:scan_sources: tailwindcss_oxide::scanner: Discovering "/var/www/storage/framework"
2025-10-31T09:24:39.550263Z  INFO get_globs:scan_sources: tailwindcss_oxide::scanner: Discovering "/var/www/storage/framework/cache"
2025-10-31T09:24:39.579119Z  INFO get_globs:scan_sources: tailwindcss_oxide::scanner: Discovering "/var/www/storage/framework/cache/data"
2025-10-31T09:24:39.618594Z  INFO get_globs:scan_sources: tailwindcss_oxide::scanner: Discovering "/var/www/storage/framework/sessions"
2025-10-31T09:24:39.651739Z  INFO get_globs:scan_sources: tailwindcss_oxide::scanner: Discovering "/var/www/storage/framework/testing"
2025-10-31T09:24:39.696490Z  INFO get_globs:scan_sources: tailwindcss_oxide::scanner: Discovering "/var/www/storage/framework/views"
2025-10-31T09:24:39.759708Z  INFO get_globs:scan_sources: tailwindcss_oxide::scanner: Discovering "/var/www/storage/logs"
2025-10-31T09:24:39.822392Z  INFO get_globs:scan_sources: tailwindcss_oxide::scanner: Discovering "/var/www/tests"
2025-10-31T09:24:39.849895Z  INFO get_globs:scan_sources: tailwindcss_oxide::scanner: Discovering "/var/www/tests/Feature"
2025-10-31T09:24:39.930494Z  INFO get_globs:scan_sources: tailwindcss_oxide::scanner: Discovering "/var/www/tests/Unit"
2025-10-31T09:24:40.238870Z  INFO get_globs:scan_sources: tailwindcss_oxide::scanner: exit
2025-10-31T09:27:20.219680Z  INFO get_globs: tailwindcss_oxide::scanner: exit
